 HKL list generation:
 -------------------
 
 Title:                                       
 Wavelength:     1.54060
 2theta_min:     0.00000
 2theta_max:   180.00000
 Space group: I 4/m m m           
 Cell parameters:   10.00000  10.00000  10.00000
 Cell angles:       90.00000  90.00000  90.00000
 
 > Number of reflexions:    365
 
          h   k   l   mult     stl(A-1)    d_hkl(A)    2theta(deg)
 
     1    1   1   0     4       0.07071     7.07107         12.508
     2    1   0   1     8       0.07071     7.07107         12.508
     3    0   0   2     2       0.10000     5.00000         17.725
     4    2   0   0     4       0.10000     5.00000         17.725
     5    1   1   2     8       0.12247     4.08248         21.752
     6    2   1   1    16       0.12247     4.08248         21.752
     7    2   2   0     4       0.14142     3.53553         25.168
     8    2   0   2     8       0.14142     3.53553         25.168
     9    1   0   3     8       0.15811     3.16228         28.197
    10    3   0   1     8       0.15811     3.16228         28.197
    11    3   1   0     8       0.15811     3.16228         28.197
    12    2   2   2     8       0.17321     2.88675         30.953
    13    2   1   3    16       0.18708     2.67261         33.503
    14    3   2   1    16       0.18708     2.67261         33.503
    15    3   1   2    16       0.18708     2.67261         33.503
    16    4   0   0     4       0.20000     2.50000         35.892
    17    0   0   4     2       0.20000     2.50000         35.892
    18    3   0   3     8       0.21213     2.35702         38.151
    19    3   3   0     4       0.21213     2.35702         38.151
    20    1   1   4     8       0.21213     2.35702         38.151
    21    4   1   1    16       0.21213     2.35702         38.151
    22    2   0   4     8       0.22361     2.23607         40.301
    23    4   2   0     8       0.22361     2.23607         40.301
    24    4   0   2     8       0.22361     2.23607         40.301
    25    3   3   2     8       0.23452     2.13201         42.360
    26    3   2   3    16       0.23452     2.13201         42.360
    27    4   2   2    16       0.24495     2.04124         44.342
    28    2   2   4     8       0.24495     2.04124         44.342
    29    4   1   3    16       0.25495     1.96116         46.255
    30    3   1   4    16       0.25495     1.96116         46.255
    31    5   1   0     8       0.25495     1.96116         46.255
    32    4   3   1    16       0.25495     1.96116         46.255
    33    5   0   1     8       0.25495     1.96116         46.255
    34    1   0   5     8       0.25495     1.96116         46.255
    35    2   1   5    16       0.27386     1.82574         49.911
    36    5   1   2    16       0.27386     1.82574         49.911
    37    5   2   1    16       0.27386     1.82574         49.911
    38    4   0   4     8       0.28284     1.76777         51.666
    39    4   4   0     4       0.28284     1.76777         51.666
    40    3   0   5     8       0.29155     1.71499         53.379
    41    3   3   4     8       0.29155     1.71499         53.379
    42    5   0   3     8       0.29155     1.71499         53.379
    43    5   3   0     8       0.29155     1.71499         53.379
    44    4   3   3    16       0.29155     1.71499         53.379
    45    4   2   4    16       0.30000     1.66667         55.056
    46    6   0   0     4       0.30000     1.66667         55.056
    47    0   0   6     2       0.30000     1.66667         55.056
    48    4   4   2     8       0.30000     1.66667         55.056
    49    3   2   5    16       0.30822     1.62221         56.698
    50    6   1   1    16       0.30822     1.62221         56.698
    51    1   1   6     8       0.30822     1.62221         56.698
    52    5   2   3    16       0.30822     1.62221         56.698
    53    5   3   2    16       0.30822     1.62221         56.698
    54    6   0   2     8       0.31623     1.58114         58.311
    55    2   0   6     8       0.31623     1.58114         58.311
    56    6   2   0     8       0.31623     1.58114         58.311
    57    4   1   5    16       0.32404     1.54303         59.896
    58    5   4   1    16       0.32404     1.54303         59.896
    59    5   1   4    16       0.32404     1.54303         59.896
    60    6   2   2    16       0.33166     1.50756         61.455
    61    2   2   6     8       0.33166     1.50756         61.455
    62    3   1   6    16       0.33912     1.47442         62.993
    63    6   1   3    16       0.33912     1.47442         62.993
    64    6   3   1    16       0.33912     1.47442         62.993
    65    4   4   4     8       0.34641     1.44338         64.509
    66    4   3   5    16       0.35355     1.41421         66.006
    67    1   0   7     8       0.35355     1.41421         66.006
    68    5   0   5     8       0.35355     1.41421         66.006
    69    5   3   4    16       0.35355     1.41421         66.006
    70    5   5   0     4       0.35355     1.41421         66.006
    71    7   0   1     8       0.35355     1.41421         66.006
    72    5   4   3    16       0.35355     1.41421         66.006
    73    7   1   0     8       0.35355     1.41421         66.006
    74    4   0   6     8       0.36056     1.38675         67.486
    75    6   4   0     8       0.36056     1.38675         67.486
    76    6   0   4     8       0.36056     1.38675         67.486
    77    2   1   7    16       0.36742     1.36083         68.951
    78    7   1   2    16       0.36742     1.36083         68.951
    79    6   3   3    16       0.36742     1.36083         68.951
    80    7   2   1    16       0.36742     1.36083         68.951
    81    5   5   2     8       0.36742     1.36083         68.951
    82    3   3   6     8       0.36742     1.36083         68.951
    83    5   2   5    16       0.36742     1.36083         68.951
    84    6   2   4    16       0.37417     1.33631         70.401
    85    6   4   2    16       0.37417     1.33631         70.401
    86    4   2   6    16       0.37417     1.33631         70.401
    87    7   3   0     8       0.38079     1.31306         71.838
    88    7   0   3     8       0.38079     1.31306         71.838
    89    3   0   7     8       0.38079     1.31306         71.838
    90    7   2   3    16       0.39370     1.27000         74.679
    91    6   1   5    16       0.39370     1.27000         74.679
    92    6   5   1    16       0.39370     1.27000         74.679
    93    7   3   2    16       0.39370     1.27000         74.679
    94    5   1   6    16       0.39370     1.27000         74.679
    95    3   2   7    16       0.39370     1.27000         74.679
    96    8   0   0     4       0.40000     1.25000         76.084
    97    0   0   8     2       0.40000     1.25000         76.084
    98    1   1   8     8       0.40620     1.23091         77.481
    99    7   1   4    16       0.40620     1.23091         77.481
   100    5   4   5    16       0.40620     1.23091         77.481
   101    8   1   1    16       0.40620     1.23091         77.481
   102    4   1   7    16       0.40620     1.23091         77.481
   103    7   4   1    16       0.40620     1.23091         77.481
   104    5   5   4     8       0.40620     1.23091         77.481
   105    4   4   6     8       0.41231     1.21268         78.870
   106    2   0   8     8       0.41231     1.21268         78.870
   107    6   4   4    16       0.41231     1.21268         78.870
   108    8   0   2     8       0.41231     1.21268         78.870
   109    8   2   0     8       0.41231     1.21268         78.870
   110    6   3   5    16       0.41833     1.19523         80.253
   111    6   5   3    16       0.41833     1.19523         80.253
   112    5   3   6    16       0.41833     1.19523         80.253
   113    8   2   2    16       0.42426     1.17851         81.630
   114    6   6   0     4       0.42426     1.17851         81.630
   115    2   2   8     8       0.42426     1.17851         81.630
   116    6   0   6     8       0.42426     1.17851         81.630
   117    7   4   3    16       0.43012     1.16248         83.003
   118    7   5   0     8       0.43012     1.16248         83.003
   119    4   3   7    16       0.43012     1.16248         83.003
   120    7   3   4    16       0.43012     1.16248         83.003
   121    5   0   7     8       0.43012     1.16248         83.003
   122    8   3   1    16       0.43012     1.16248         83.003
   123    3   1   8    16       0.43012     1.16248         83.003
   124    7   0   5     8       0.43012     1.16248         83.003
   125    8   1   3    16       0.43012     1.16248         83.003
   126    6   2   6    16       0.43589     1.14708         84.371
   127    6   6   2     8       0.43589     1.14708         84.371
   128    5   2   7    16       0.44159     1.13228         85.736
   129    7   2   5    16       0.44159     1.13228         85.736
   130    7   5   2    16       0.44159     1.13228         85.736
   131    8   4   0     8       0.44721     1.11803         87.098
   132    4   0   8     8       0.44721     1.11803         87.098
   133    8   0   4     8       0.44721     1.11803         87.098
   134    8   3   3    16       0.45277     1.10432         88.459
   135    3   3   8     8       0.45277     1.10432         88.459
   136    9   1   0     8       0.45277     1.10432         88.459
   137    9   0   1     8       0.45277     1.10432         88.459
   138    1   0   9     8       0.45277     1.10432         88.459
   139    8   4   2    16       0.45826     1.09109         89.819
   140    8   2   4    16       0.45826     1.09109         89.819
   141    4   2   8    16       0.45826     1.09109         89.819
   142    7   1   6    16       0.46368     1.07833         91.179
   143    6   5   5    16       0.46368     1.07833         91.179
   144    5   5   6     8       0.46368     1.07833         91.179
   145    9   2   1    16       0.46368     1.07833         91.179
   146    9   1   2    16       0.46368     1.07833         91.179
   147    7   6   1    16       0.46368     1.07833         91.179
   148    6   1   7    16       0.46368     1.07833         91.179
   149    2   1   9    16       0.46368     1.07833         91.179
   150    6   4   6    16       0.46904     1.06600         92.540
   151    6   6   4     8       0.46904     1.06600         92.540
   152    5   1   8    16       0.47434     1.05409         93.902
   153    7   4   5    16       0.47434     1.05409         93.902
   154    8   5   1    16       0.47434     1.05409         93.902
   155    7   5   4    16       0.47434     1.05409         93.902
   156    9   0   3     8       0.47434     1.05409         93.902
   157    8   1   5    16       0.47434     1.05409         93.902
   158    3   0   9     8       0.47434     1.05409         93.902
   159    5   4   7    16       0.47434     1.05409         93.902
   160    9   3   0     8       0.47434     1.05409         93.902
   161    9   2   3    16       0.48477     1.03142         96.634
   162    7   3   6    16       0.48477     1.03142         96.634
   163    6   3   7    16       0.48477     1.03142         96.634
   164    7   6   3    16       0.48477     1.03142         96.634
   165    9   3   2    16       0.48477     1.03142         96.634
   166    3   2   9    16       0.48477     1.03142         96.634
   167    4   4   8     8       0.48990     1.02062         98.005
   168    8   4   4    16       0.48990     1.02062         98.005
   169    7   7   0     4       0.49497     1.01015         99.380
   170    7   0   7     8       0.49497     1.01015         99.380
   171    9   1   4    16       0.49497     1.01015         99.380
   172    5   3   8    16       0.49497     1.01015         99.380
   173    8   3   5    16       0.49497     1.01015         99.380
   174    9   4   1    16       0.49497     1.01015         99.380
   175    8   5   3    16       0.49497     1.01015         99.380
   176    4   1   9    16       0.49497     1.01015         99.380
   177    8   0   6     8       0.50000     1.00000        100.762
   178    6   0   8     8       0.50000     1.00000        100.762
   179    8   6   0     8       0.50000     1.00000        100.762
   180    0   0  10     2       0.50000     1.00000        100.762
   181   10   0   0     4       0.50000     1.00000        100.762
   182    7   2   7    16       0.50498     0.99015        102.149
   183    7   7   2     8       0.50498     0.99015        102.149
   184   10   1   1    16       0.50498     0.99015        102.149
   185    1   1  10     8       0.50498     0.99015        102.149
   186    2   0  10     8       0.50990     0.98058        103.544
   187    8   2   6    16       0.50990     0.98058        103.544
   188   10   2   0     8       0.50990     0.98058        103.544
   189   10   0   2     8       0.50990     0.98058        103.544
   190    6   2   8    16       0.50990     0.98058        103.544
   191    8   6   2    16       0.50990     0.98058        103.544
   192    9   0   5     8       0.51478     0.97129        104.947
   193    4   3   9    16       0.51478     0.97129        104.947
   194    9   3   4    16       0.51478     0.97129        104.947
   195    5   0   9     8       0.51478     0.97129        104.947
   196    9   4   3    16       0.51478     0.97129        104.947
   197    9   5   0     8       0.51478     0.97129        104.947
   198   10   2   2    16       0.51962     0.96225        106.359
   199    2   2  10     8       0.51962     0.96225        106.359
   200    6   6   6     8       0.51962     0.96225        106.359
   201    6   5   7    16       0.52440     0.95346        107.782
   202    5   2   9    16       0.52440     0.95346        107.782
   203   10   3   1    16       0.52440     0.95346        107.782
   204    9   2   5    16       0.52440     0.95346        107.782
   205    7   6   5    16       0.52440     0.95346        107.782
   206    7   5   6    16       0.52440     0.95346        107.782
   207    9   5   2    16       0.52440     0.95346        107.782
   208    3   1  10    16       0.52440     0.95346        107.782
   209   10   1   3    16       0.52440     0.95346        107.782
   210    8   7   1    16       0.53385     0.93659        110.663
   211    8   5   5    16       0.53385     0.93659        110.663
   212    8   1   7    16       0.53385     0.93659        110.663
   213    7   1   8    16       0.53385     0.93659        110.663
   214    5   5   8     8       0.53385     0.93659        110.663
   215    7   7   4     8       0.53385     0.93659        110.663
   216    7   4   7    16       0.53385     0.93659        110.663
   217    8   6   4    16       0.53852     0.92848        112.123
   218    6   4   8    16       0.53852     0.92848        112.123
   219    8   4   6    16       0.53852     0.92848        112.123
   220   10   0   4     8       0.53852     0.92848        112.123
   221   10   4   0     8       0.53852     0.92848        112.123
   222    4   0  10     8       0.53852     0.92848        112.123
   223    6   1   9    16       0.54314     0.92057        113.599
   224   10   3   3    16       0.54314     0.92057        113.599
   225    9   1   6    16       0.54314     0.92057        113.599
   226    9   6   1    16       0.54314     0.92057        113.599
   227    3   3  10     8       0.54314     0.92057        113.599
   228    4   2  10    16       0.54772     0.91287        115.092
   229   10   4   2    16       0.54772     0.91287        115.092
   230   10   2   4    16       0.54772     0.91287        115.092
   231    9   4   5    16       0.55227     0.90536        116.603
   232    8   3   7    16       0.55227     0.90536        116.603
   233   11   1   0     8       0.55227     0.90536        116.603
   234   11   0   1     8       0.55227     0.90536        116.603
   235    7   3   8    16       0.55227     0.90536        116.603
   236    8   7   3    16       0.55227     0.90536        116.603
   237    9   5   4    16       0.55227     0.90536        116.603
   238    5   4   9    16       0.55227     0.90536        116.603
   239    1   0  11     8       0.55227     0.90536        116.603
   240    9   3   6    16       0.56125     0.89087        119.688
   241   11   1   2    16       0.56125     0.89087        119.688
   242    2   1  11    16       0.56125     0.89087        119.688
   243   10   1   5    16       0.56125     0.89087        119.688
   244   11   2   1    16       0.56125     0.89087        119.688
   245    9   6   3    16       0.56125     0.89087        119.688
   246   10   5   1    16       0.56125     0.89087        119.688
   247    6   3   9    16       0.56125     0.89087        119.688
   248    5   1  10    16       0.56125     0.89087        119.688
   249    8   0   8     8       0.56569     0.88388        121.266
   250    8   8   0     4       0.56569     0.88388        121.266
   251    9   7   0     8       0.57009     0.87706        122.870
   252   11   0   3     8       0.57009     0.87706        122.870
   253   11   3   0     8       0.57009     0.87706        122.870
   254    7   0   9     8       0.57009     0.87706        122.870
   255    3   0  11     8       0.57009     0.87706        122.870
   256    9   0   7     8       0.57009     0.87706        122.870
   257    8   2   8    16       0.57446     0.87039        124.505
   258   10   4   4    16       0.57446     0.87039        124.505
   259    8   8   2     8       0.57446     0.87039        124.505
   260    4   4  10     8       0.57446     0.87039        124.505
   261   10   5   3    16       0.57879     0.86387        126.172
   262   11   3   2    16       0.57879     0.86387        126.172
   263    3   2  11    16       0.57879     0.86387        126.172
   264    9   2   7    16       0.57879     0.86387        126.172
   265    9   7   2    16       0.57879     0.86387        126.172
   266   11   2   3    16       0.57879     0.86387        126.172
   267   10   3   5    16       0.57879     0.86387        126.172
   268    7   7   6     8       0.57879     0.86387        126.172
   269    7   6   7    16       0.57879     0.86387        126.172
   270    7   2   9    16       0.57879     0.86387        126.172
   271    5   3  10    16       0.57879     0.86387        126.172
   272    6   0  10     8       0.58310     0.85749        127.875
   273    8   6   6    16       0.58310     0.85749        127.875
   274   10   0   6     8       0.58310     0.85749        127.875
   275   10   6   0     8       0.58310     0.85749        127.875
   276    6   6   8     8       0.58310     0.85749        127.875
   277    7   5   8    16       0.58737     0.85126        129.619
   278    8   5   7    16       0.58737     0.85126        129.619
   279    8   7   5    16       0.58737     0.85126        129.619
   280    4   1  11    16       0.58737     0.85126        129.619
   281   11   1   4    16       0.58737     0.85126        129.619
   282   11   4   1    16       0.58737     0.85126        129.619
   283    6   2  10    16       0.59161     0.84515        131.408
   284   10   2   6    16       0.59161     0.84515        131.408
   285   10   6   2    16       0.59161     0.84515        131.408
   286    9   6   5    16       0.59582     0.83918        133.247
   287    9   5   6    16       0.59582     0.83918        133.247
   288    6   5   9    16       0.59582     0.83918        133.247
   289    0   0  12     2       0.60000     0.83333        135.144
   290   12   0   0     4       0.60000     0.83333        135.144
   291    8   8   4     8       0.60000     0.83333        135.144
   292    8   4   8    16       0.60000     0.83333        135.144
   293    4   3  11    16       0.60415     0.82761        137.106
   294    1   1  12     8       0.60415     0.82761        137.106
   295    7   4   9    16       0.60415     0.82761        137.106
   296   11   0   5     8       0.60415     0.82761        137.106
   297    9   1   8    16       0.60415     0.82761        137.106
   298    8   1   9    16       0.60415     0.82761        137.106
   299   11   4   3    16       0.60415     0.82761        137.106
   300   12   1   1    16       0.60415     0.82761        137.106
   301    5   0  11     8       0.60415     0.82761        137.106
   302    9   4   7    16       0.60415     0.82761        137.106
   303   11   5   0     8       0.60415     0.82761        137.106
   304   11   3   4    16       0.60415     0.82761        137.106
   305    9   7   4    16       0.60415     0.82761        137.106
   306    9   8   1    16       0.60415     0.82761        137.106
   307   12   2   0     8       0.60828     0.82199        139.144
   308   12   0   2     8       0.60828     0.82199        139.144
   309    2   0  12     8       0.60828     0.82199        139.144
   310    7   1  10    16       0.61237     0.81650        141.268
   311    5   5  10     8       0.61237     0.81650        141.268
   312   10   7   1    16       0.61237     0.81650        141.268
   313    5   2  11    16       0.61237     0.81650        141.268
   314   10   5   5    16       0.61237     0.81650        141.268
   315   11   2   5    16       0.61237     0.81650        141.268
   316   10   1   7    16       0.61237     0.81650        141.268
   317   11   5   2    16       0.61237     0.81650        141.268
   318    6   4  10    16       0.61644     0.81111        143.497
   319   10   6   4    16       0.61644     0.81111        143.497
   320   10   4   6    16       0.61644     0.81111        143.497
   321    2   2  12     8       0.61644     0.81111        143.497
   322   12   2   2    16       0.61644     0.81111        143.497
   323   12   3   1    16       0.62048     0.80582        145.848
   324    8   3   9    16       0.62048     0.80582        145.848
   325    9   3   8    16       0.62048     0.80582        145.848
   326    3   1  12    16       0.62048     0.80582        145.848
   327   12   1   3    16       0.62048     0.80582        145.848
   328    9   8   3    16       0.62048     0.80582        145.848
   329   11   1   6    16       0.62849     0.79556        151.048
   330    7   3  10    16       0.62849     0.79556        151.048
   331   11   6   1    16       0.62849     0.79556        151.048
   332   10   3   7    16       0.62849     0.79556        151.048
   333    6   1  11    16       0.62849     0.79556        151.048
   334   10   7   3    16       0.62849     0.79556        151.048
   335    4   0  12     8       0.63246     0.79057        153.995
   336   12   4   0     8       0.63246     0.79057        153.995
   337   12   0   4     8       0.63246     0.79057        153.995
   338    7   7   8     8       0.63640     0.78567        157.293
   339   11   5   4    16       0.63640     0.78567        157.293
   340    3   3  12     8       0.63640     0.78567        157.293
   341    5   4  11    16       0.63640     0.78567        157.293
   342    8   7   7    16       0.63640     0.78567        157.293
   343   11   4   5    16       0.63640     0.78567        157.293
   344    9   9   0     4       0.63640     0.78567        157.293
   345   12   3   3    16       0.63640     0.78567        157.293
   346    9   0   9     8       0.63640     0.78567        157.293
   347    8   0  10     8       0.64031     0.78087        161.125
   348   12   2   4    16       0.64031     0.78087        161.125
   349    4   2  12    16       0.64031     0.78087        161.125
   350    8   8   6     8       0.64031     0.78087        161.125
   351   10   0   8     8       0.64031     0.78087        161.125
   352   12   4   2    16       0.64031     0.78087        161.125
   353   10   8   0     8       0.64031     0.78087        161.125
   354    8   6   8    16       0.64031     0.78087        161.125
   355    9   2   9    16       0.64420     0.77615        165.921
   356    9   6   7    16       0.64420     0.77615        165.921
   357    9   7   6    16       0.64420     0.77615        165.921
   358    9   9   2     8       0.64420     0.77615        165.921
   359    6   3  11    16       0.64420     0.77615        165.921
   360   11   6   3    16       0.64420     0.77615        165.921
   361    7   6   9    16       0.64420     0.77615        165.921
   362   11   3   6    16       0.64420     0.77615        165.921
   363   10   2   8    16       0.64807     0.77152        173.563
   364    8   2  10    16       0.64807     0.77152        173.563
   365   10   8   2    16       0.64807     0.77152        173.563
