

        **********************************************************
        ** PROGRAM FullProf.2k (Version 5.30 - Mar2012-ILL JRC) **
        **********************************************************
                       M U L T I -- P A T T E R N                 
            Rietveld, Profile Matching & Integrated Intensity     
                 Refinement of X-ray and/or Neutron Data


    Date: 11/12/2013  Time: 23:54:36.663                              

 => PCR file code: k2nif4_1
 => DAT file code: K2NiF4.dat           -> Relative contribution: 1.0000                                                            

 ==> CONDITIONS OF THIS RUN FOR PATTERN No.:  1

 => Global Refinement of X-ray powder diffraction data                                                                              
 => Global Refinement of X-ray powder diffraction data                                                                              
    Bragg-Brentano(X-rays) or Debye-Scherrer geometry(Neutrons)
 => Title: WDICVOL04 solution (Automatic generated PCR file)

 => Number of phases:    1
 => Number of excluded regions:    2
 => Number of scattering factors supplied:    0
 => March-Dollase model for preferred orientation
 => Conventional weights: w=1.0/Variance(yobs)
 => Asymmetry correction as in J.Appl.Cryst. 26,128(1993)
 => Background linearly interpolated between the   83 points given
 => The    5th default profile function was selected
 => Pseudo-Voigt function (ETA variable)
                 X-parameter correspond to: ETA=ETA0+X*2theta
                       pV(x)= ETA*L(x)+(1-ETA)*G(x)

 ==> INPUT/OUTPUT OPTIONS:

 => Generate file *.PRF for plot
 => Output Integrated Intensities
 => Generate new input file *.PCR

 => X-Y type of data: 2theta/TOF/E(Kev) Intens sigma for pattern:  1
 => Plot pattern at each cycle
 => Wavelengths:  1.54060 1.54439
 => Alpha2/Alpha1 ratio:   0.5000
 => Cos(Monochromator angle)=   0.0000
 => Asymmetry correction for angles lower than   30.000 degrees
 => Absorption correction (AC), muR-eff =   0.0000  0.0000
 => Base of peaks: 2.0*HW*    7.00

 => Number of cycles:   10
 => Relaxation factors ==>    for coordinates:  1.00
 => for anisotropic temperature factors:  1.00
 => for halfwidth/strain/size parameters:  1.00
 => for lattice constants and propagation vectors:  1.00
 => EPS-value for convergence:    0.3
 => Background ==> 
    Position   Intensity
       10.22      421.00        0.00
       11.72      521.33        0.00
       14.98      584.33        0.00
       16.54      542.67        0.00
       16.82      527.00        0.00
       18.68      525.00        0.00
       20.50      552.33        0.00
       22.34      590.00        0.00
       24.90      624.00        0.00
       25.58      588.33        0.00
       27.02      652.00        0.00
       28.58      700.67        0.00
       30.92     1565.33        0.00
       33.42      716.00        0.00
       35.26      676.00        0.00
       36.40      666.00        0.00
       38.48      651.67        0.00
       38.80      698.00        0.00
       40.44      901.67        0.00
       43.36      792.67        0.00

       43.98      843.00        0.00
       46.62      779.33        0.00
       48.46      754.00        0.00
       49.22      749.67        0.00
       50.54      787.67        0.00
       52.22      821.67        0.00
       54.36      825.00        0.00
       56.96      777.33        0.00
       57.78      786.00        0.00
       59.12      805.33        0.00
       61.74      825.00        0.00
       63.64      952.67        0.00
       64.20      849.00        0.00
       67.06      845.00        0.00
       68.00      886.67        0.00
       69.52      866.33        0.00
       71.20      896.67        0.00
       72.64      839.00        0.00
       75.56      971.00        0.00
       76.88      837.00        0.00

       78.08      865.00        0.00
       79.28      892.00        0.00
       82.30      921.33        0.00
       82.66      908.00        0.00
       84.36      899.00        0.00
       86.94      903.00        0.00
       87.80      917.00        0.00
       90.38      948.33        0.00
       92.50      943.67        0.00
       92.98      968.00        0.00
       95.50      917.00        0.00
       96.08      909.33        0.00
       98.98      909.33        0.00
       99.76      983.67        0.00
      101.26     1009.67        0.00
      104.42      915.00        0.00
      104.94      966.33        0.00
      106.16     1003.67        0.00
      107.98     1053.67        0.00
      109.82      970.00        0.00

      112.42     1000.00        0.00
      114.04     1013.00        0.00
      114.68     1013.33        0.00
      117.44     1041.00        0.00
      119.36     1068.67        0.00
      119.82     1091.00        0.00
      122.26     1031.33        0.00
      123.86     1014.00        0.00
      124.90     1134.33        0.00
      127.68     1046.00        0.00
      129.68     1088.33        0.00
      130.24     1100.33        0.00
      132.06     1081.67        0.00
      134.40     1070.67        0.00
      135.34     1075.33        0.00
      137.72     1130.00        0.00
      139.66     1103.33        0.00
      141.28     1109.00        0.00
      141.90     1118.33        0.00
      144.84     1164.33        0.00

      146.40     1159.00        0.00
      147.70     1101.67        0.00
      148.86     1058.00        0.00

 

 => Excluded regions for Pattern#  1
    From     to
      0.0000      0.4400
    157.5600    180.0000

 => Number of Least-Squares parameters varied:     0

 =>--------------------------->
 =>------->  PATTERN number:  1
 =>--------------------------->
 => Global parameters and codes ==>
 => Zero-point:     0.0190    0.0000
 => Displacement peak-shift parameter and code:     0.00    0.00
 => Transparency peak-shift parameter and code:     0.00    0.00

 => Reading Intensity data  =>>

 -> No recognizable heading in input data file X,Y,sigma
    First 6 lines are considered as COMMENTS 
 -> COMMENT: 10.000 588                                                                                                                          
 -> COMMENT: 10.020 523                                                                                                                          
 -> COMMENT: 10.040 457                                                                                                                          
 -> COMMENT: 10.060 564                                                                                                                          
 -> COMMENT: 10.080 540                                                                                                                          
 -> COMMENT: 10.100 449                                                                                                                          
 ==> Angular range, step and number of points:
     2Thmin:      10.120000  2Thmax:     150.000000  Step:       0.020004  No. of points:   6995
 --------------------------------------------------------------------------------
 => Phase  No. 1
       phase 1:                                                             
 --------------------------------------------------------------------------------
 =>-------> Pattern#  1
 => Profile Matching (fixed scale)
 => Input data if irf=2: Integrated Intensities
 => Preferred orientation vector:   0.0000  0.0000  1.0000

 =>-------> Data for PHASE: 1
 => Number of atoms:    0
 => Number of distance  constraints:    0
 => Number of angle     constraints:    0

 => Symmetry information on space group: P 4/m m m           
 -> The multiplicity of the general position is:  16
 -> The space group is Centric (-1 at origin)   
 -> Lattice type  P: { 000 }                                       
 -> Reduced set of symmetry operators:

  No.  IT   Symmetry symbol    Rotation part     Associated Translation
   1: ( 1)   1            -->     ( x, y, z) + {  0.0000  0.0000  0.0000}
   2: (16)  4+ ( 0, 0, z) -->     (-y, x, z) + {  0.0000  0.0000  0.0000}
   3: ( 2)   2 ( 0, 0, z) -->     (-x,-y, z) + {  0.0000  0.0000  0.0000}
   4: (15)  4- ( 0, 0, z) -->     ( y,-x, z) + {  0.0000  0.0000  0.0000}
   5: ( 4)   2 ( x, 0, 0) -->     ( x,-y,-z) + {  0.0000  0.0000  0.0000}
   6: (14)   2 ( x,-x, 0) -->     (-y,-x,-z) + {  0.0000  0.0000  0.0000}
   7: ( 3)   2 ( 0, y, 0) -->     (-x, y,-z) + {  0.0000  0.0000  0.0000}
   8: (13)   2 ( x, x, 0) -->     ( y, x,-z) + {  0.0000  0.0000  0.0000}


        Information on Space Group: 
        --------------------------- 

 =>  Number of Space group: 123
 => Hermann-Mauguin Symbol: P 4/m m m
 =>            Hall Symbol: -P 4 2
 =>   Table Setting Choice: 
 =>           Setting Type: IT (Generated from Hermann-Mauguin symbol)
 =>         Crystal System: Tetragonal
 =>             Laue Class: 4/mmm
 =>            Point Group: 4/mmm
 =>        Bravais Lattice: P
 =>         Lattice Symbol: tP
 => Reduced Number of S.O.:   8
 =>   General multiplicity:  16
 =>         Centrosymmetry: Centric (-1 at origin)
 => Generators (exc. -1&L):   2
 =>        Asymmetric unit:  0.000 <= x <=  0.500
                             0.000 <= y <=  0.500
                             0.000 <= z <=  0.500
 => List of S.O. without inversion and lattice centring translations
 => SYMM( 1): x,y,z                                => SYMM( 2): -y,x,z
 => SYMM( 3): -x,-y,z                              => SYMM( 4): y,-x,z
 => SYMM( 5): -x,y,z                               => SYMM( 6): y,x,z
 => SYMM( 7): x,-y,z                               => SYMM( 8): -y,-x,z


 =>-------> PROFILE PARAMETERS FOR PATTERN:  1

 => Overall scale factor:   0.100000E-03
 => ETA (p-Voigt) OR M (Pearson VII):   0.2500
 => Overall temperature factor:      0.00000
 => Halfwidth U,V,W:      0.00800    -0.00800     0.00900
 => X and Y parameters:       0.0000      0.0000
 => Direct cell parameters:    4.0139   4.0139  13.0917  90.0000  90.0000  90.0000
 => Preferred orientation parameters:   1.0000  0.0000
 => Asymmetry parameters     :      0.00000     0.00000     0.00000     0.00000
 => Strain parameters        :      0.00000     0.00000     0.00000
 => Size   parameters        :      0.00000     0.00000

 ==> CODEWORDS FOR PROFILE PARAMETERS of PATTERN#  1

 => Overall scale factor:    0.000
 => ETA (p-Voigt) OR M (Pearson VII):    0.000
 => Overall temperature factor:    0.000
 => Halfwidth U,V,W:    0.000   0.000   0.000
 => X and Y parameters:    0.000   0.000
 => Direct cell parameters:    0.000   0.000   0.000   0.000   0.000   0.000
 => Preferred orientation parameters:    0.000   0.000
 => Asymmetry parameters     :    0.000   0.000   0.000   0.000
 => Strain parameters        :    0.000   0.000   0.000
 => Size   parameters        :    0.000   0.000

 => Cell constraints according to Laue symmetry: 4/mmm

        Metric information:
        -------------------

 => Direct cell parameters:

         a =       4.0139      b =       4.0139      c =      13.0917
     alpha =       90.000   beta =       90.000  gamma =       90.000
                        Direct Cell Volume =     210.9253

 => Reciprocal cell parameters:

         a*=     0.249134      b*=     0.249134      c*=     0.076384
     alpha*=       90.000   beta*=       90.000  gamma*=       90.000
                    Reciprocal Cell Volume =   0.00474101

 => Direct and Reciprocal Metric Tensors:

                   GD                                       GR
     16.1114      0.0000      0.0000          0.062068    0.000000    0.000000
      0.0000     16.1114      0.0000          0.000000    0.062068    0.000000
      0.0000      0.0000    171.3926          0.000000    0.000000    0.005835

 =>  Cartesian frame: x // a; y is in the ab-plane; z is x ^ y   

     Crystal_to_Orthonormal_Matrix              Orthonormal_to_Crystal Matrix
              Cr_Orth_cel                               Orth_Cr_cel  
      4.0139      0.0000      0.0000          0.249134    0.000000    0.000000
      0.0000      4.0139      0.0000          0.000000    0.249134    0.000000
      0.0000      0.0000     13.0917          0.000000    0.000000    0.076384

     Busing-Levy B-matrix: Hc=B.H            Inverse of the Busing-Levy B-matrix
                BL_M                                      BL_Minv  
    0.249134    0.000000    0.000000            4.0139      0.0000      0.0000
    0.000000    0.249134    0.000000            0.0000      4.0139      0.0000
    0.000000    0.000000    0.076384            0.0000      0.0000     13.0917

 => Given Laue symmetry 4/mmm Indices are read from file

 => The Number of Reflections read for phase     1 and pattern#   1 is: 346
  
 
 => No optimization for routine tasks
 ++++++++++++++++++++++++++++++++++++++++++++++++++++++++++++++++++++++++++++++++++++++++++++++++++++++++++++++++++++++++

 => CYCLE No.:    1
 ---------------------------------------------------------------------------------------
 => Phase  1 Name:  phase 1:                                                             
 ---------------------------------------------------------------------------------------

 ==> PROFILE PARAMETERS FOR PATTERN#  1

 => Overall scale factor:      0.000100000     0.000000000     0.000000000
 => Eta(p-Voigt) or m(Pearson VII):   0.250000  0.000000  0.000000
 => Overall tem. factor:   0.000000  0.000000  0.000000
 => Halfwidth parameters: 
       0.008000  0.000000  0.000000
      -0.008000  0.000000  0.000000
       0.009000  0.000000  0.000000
 => Cell parameters: 
       4.013898   0.000000   0.000000
       4.013898   0.000000   0.000000
      13.091700   0.000000   0.000000
      90.000000   0.000000   0.000000
      90.000000   0.000000   0.000000
      90.000000   0.000000   0.000000
 => Preferred orientation: 
       1.000000  0.000000  0.000000
       0.000000  0.000000  0.000000
 => Asymmetry parameters: 
       0.000000  0.000000  0.000000
       0.000000  0.000000  0.000000
       0.000000  0.000000  0.000000
       0.000000  0.000000  0.000000
 => X and Y parameters: 
       0.000000  0.000000  0.000000
       0.000000  0.000000  0.000000
 => Strain parameters: 
       0.000000  0.000000  0.000000
       0.000000  0.000000  0.000000
       0.000000  0.000000  0.000000
 => Size   parameters (G,L): 
       0.000000  0.000000  0.000000
       0.000000  0.000000  0.000000

 ==> GLOBAL PARAMETERS FOR PATTERN#  1


 => Zero-point:     0.0190    0.0000    0.0000

 => Cos( theta)-shift parameter :   0.0000  0.0000  0.0000
 => Sin(2theta)-shift parameter :   0.0000  0.0000  0.0000

 ==> RELIABILITY FACTORS WITH ALL NON-EXCLUDED POINTS FOR PATTERN:  1

 => R-Factors:   17.4      24.1     Chi2:  114.     DW-Stat.:  0.2796   Patt#:  1
 => Expected :            2.26                                1.9258
 => Deviance : 0.912E+06     Dev*:   130.4    
 => GoF-index:  11.         Sqrt(Residual/N)
 => N-P+C:  6994

 =>    SumYdif       SumYobs      SumYcal      SumwYobsSQ     Residual    Condition
     0.2389E+07    0.1374E+08    0.1380E+08    0.1374E+08    0.7974E+06     0.000    


 => Conventional Rietveld Rp,Rwp,Re and Chi2:   32.0      35.2      3.29      114.0    
 => (Values obtained using Ynet, but true sigma(y))
 =>  SumYnet, Sum(w Ynet**2):     0.7467E+07    0.6451E+07


 ==> RELIABILITY FACTORS FOR POINTS WITH BRAGG CONTRIBUTIONS FOR PATTERN:  1

 => R-Factors:   17.9      24.7     Chi2:  133.     DW-Stat.:  0.2824   Patt#:
 => Expected :            2.14                                1.9194
 => Deviance : 0.903E+06     Dev*:   152.2    
 => GoF-index:  12.         Sqrt(Residual/N)
 => N-P+C:  5932

 =>    SumYdif       SumYobs      SumYcal      SumwYobsSQ     Residual    Condition
     0.2329E+07    0.1299E+08    0.1308E+08    0.1299E+08    0.7895E+06     0.000    


 => Conventional Rietveld Rp,Rwp,Re and Chi2:   31.3      35.0      3.03      133.1    
 => (Values obtained using Ynet, but true sigma(y))
 =>  SumYnet, Sum(w Ynet**2):     0.7436E+07    0.6443E+07


 => Global user-weigthed Chi2 (Bragg contrib.):   134.    

 => ---------> Pattern#  1
 => Phase:  1
 =>    Bragg R-factor:  3.04    
 =>    RF-factor     :  2.95    
 ++++++++++++++++++++++++++++++++++++++++++++++++++++++++++++++++++++++++++++++++++++++++++++++++++++++++++++++++++++++++

 => CYCLE No.:    2
 ---------------------------------------------------------------------------------------
 => Phase  1 Name:  phase 1:                                                             
 ---------------------------------------------------------------------------------------

 ==> PROFILE PARAMETERS FOR PATTERN#  1

 => Overall scale factor:      0.000100000     0.000000000     0.000000000
 => Eta(p-Voigt) or m(Pearson VII):   0.250000  0.000000  0.000000
 => Overall tem. factor:   0.000000  0.000000  0.000000
 => Halfwidth parameters: 
       0.008000  0.000000  0.000000
      -0.008000  0.000000  0.000000
       0.009000  0.000000  0.000000
 => Cell parameters: 
       4.013898   0.000000   0.000000
       4.013898   0.000000   0.000000
      13.091700   0.000000   0.000000
      90.000000   0.000000   0.000000
      90.000000   0.000000   0.000000
      90.000000   0.000000   0.000000
 => Preferred orientation: 
       1.000000  0.000000  0.000000
       0.000000  0.000000  0.000000
 => Asymmetry parameters: 
       0.000000  0.000000  0.000000
       0.000000  0.000000  0.000000
       0.000000  0.000000  0.000000
       0.000000  0.000000  0.000000
 => X and Y parameters: 
       0.000000  0.000000  0.000000
       0.000000  0.000000  0.000000
 => Strain parameters: 
       0.000000  0.000000  0.000000
       0.000000  0.000000  0.000000
       0.000000  0.000000  0.000000
 => Size   parameters (G,L): 
       0.000000  0.000000  0.000000
       0.000000  0.000000  0.000000

 ==> GLOBAL PARAMETERS FOR PATTERN#  1


 => Zero-point:     0.0190    0.0000    0.0000

 => Cos( theta)-shift parameter :   0.0000  0.0000  0.0000
 => Sin(2theta)-shift parameter :   0.0000  0.0000  0.0000

 ==> RELIABILITY FACTORS WITH ALL NON-EXCLUDED POINTS FOR PATTERN:  1

 => R-Factors:   17.3      24.0     Chi2:  113.     DW-Stat.:  0.2799   Patt#:  1
 => Expected :            2.26                                1.9258
 => Deviance : 0.910E+06     Dev*:   130.0    
 => GoF-index:  11.         Sqrt(Residual/N)
 => N-P+C:  6994

 =>    SumYdif       SumYobs      SumYcal      SumwYobsSQ     Residual    Condition
     0.2381E+07    0.1374E+08    0.1379E+08    0.1374E+08    0.7933E+06     0.000    


 => Conventional Rietveld Rp,Rwp,Re and Chi2:   31.9      35.1      3.29      113.4    
 => (Values obtained using Ynet, but true sigma(y))
 =>  SumYnet, Sum(w Ynet**2):     0.7467E+07    0.6451E+07


 ==> RELIABILITY FACTORS FOR POINTS WITH BRAGG CONTRIBUTIONS FOR PATTERN:  1

 => R-Factors:   17.9      24.6     Chi2:  132.     DW-Stat.:  0.2827   Patt#:
 => Expected :            2.14                                1.9194
 => Deviance : 0.901E+06     Dev*:   151.8    
 => GoF-index:  12.         Sqrt(Residual/N)
 => N-P+C:  5932

 =>    SumYdif       SumYobs      SumYcal      SumwYobsSQ     Residual    Condition
     0.2322E+07    0.1299E+08    0.1307E+08    0.1299E+08    0.7854E+06     0.000    


 => Conventional Rietveld Rp,Rwp,Re and Chi2:   31.2      34.9      3.03      132.4    
 => (Values obtained using Ynet, but true sigma(y))
 =>  SumYnet, Sum(w Ynet**2):     0.7436E+07    0.6443E+07


 => Global user-weigthed Chi2 (Bragg contrib.):   134.    

 => ---------> Pattern#  1
 => Phase:  1
 =>    Bragg R-factor:  3.00    
 =>    RF-factor     :  2.96    
 ++++++++++++++++++++++++++++++++++++++++++++++++++++++++++++++++++++++++++++++++++++++++++++++++++++++++++++++++++++++++

 => CYCLE No.:    3
 ---------------------------------------------------------------------------------------
 => Phase  1 Name:  phase 1:                                                             
 ---------------------------------------------------------------------------------------

 ==> PROFILE PARAMETERS FOR PATTERN#  1

 => Overall scale factor:      0.000100000     0.000000000     0.000000000
 => Eta(p-Voigt) or m(Pearson VII):   0.250000  0.000000  0.000000
 => Overall tem. factor:   0.000000  0.000000  0.000000
 => Halfwidth parameters: 
       0.008000  0.000000  0.000000
      -0.008000  0.000000  0.000000
       0.009000  0.000000  0.000000
 => Cell parameters: 
       4.013898   0.000000   0.000000
       4.013898   0.000000   0.000000
      13.091700   0.000000   0.000000
      90.000000   0.000000   0.000000
      90.000000   0.000000   0.000000
      90.000000   0.000000   0.000000
 => Preferred orientation: 
       1.000000  0.000000  0.000000
       0.000000  0.000000  0.000000
 => Asymmetry parameters: 
       0.000000  0.000000  0.000000
       0.000000  0.000000  0.000000
       0.000000  0.000000  0.000000
       0.000000  0.000000  0.000000
 => X and Y parameters: 
       0.000000  0.000000  0.000000
       0.000000  0.000000  0.000000
 => Strain parameters: 
       0.000000  0.000000  0.000000
       0.000000  0.000000  0.000000
       0.000000  0.000000  0.000000
 => Size   parameters (G,L): 
       0.000000  0.000000  0.000000
       0.000000  0.000000  0.000000

 ==> GLOBAL PARAMETERS FOR PATTERN#  1


 => Zero-point:     0.0190    0.0000    0.0000

 => Cos( theta)-shift parameter :   0.0000  0.0000  0.0000
 => Sin(2theta)-shift parameter :   0.0000  0.0000  0.0000

 ==> RELIABILITY FACTORS WITH ALL NON-EXCLUDED POINTS FOR PATTERN:  1

 => R-Factors:   17.3      24.0     Chi2:  114.     DW-Stat.:  0.2799   Patt#:  1
 => Expected :            2.26                                1.9258
 => Deviance : 0.910E+06     Dev*:   130.0    
 => GoF-index:  11.         Sqrt(Residual/N)
 => N-P+C:  6994

 =>    SumYdif       SumYobs      SumYcal      SumwYobsSQ     Residual    Condition
     0.2382E+07    0.1374E+08    0.1379E+08    0.1374E+08    0.7942E+06     0.000    


 => Conventional Rietveld Rp,Rwp,Re and Chi2:   31.9      35.1      3.29      113.6    
 => (Values obtained using Ynet, but true sigma(y))
 =>  SumYnet, Sum(w Ynet**2):     0.7467E+07    0.6451E+07


 ==> RELIABILITY FACTORS FOR POINTS WITH BRAGG CONTRIBUTIONS FOR PATTERN:  1

 => R-Factors:   17.9      24.6     Chi2:  133.     DW-Stat.:  0.2827   Patt#:
 => Expected :            2.14                                1.9194
 => Deviance : 0.901E+06     Dev*:   151.8    
 => GoF-index:  12.         Sqrt(Residual/N)
 => N-P+C:  5932

 =>    SumYdif       SumYobs      SumYcal      SumwYobsSQ     Residual    Condition
     0.2322E+07    0.1299E+08    0.1307E+08    0.1299E+08    0.7863E+06     0.000    


 => Conventional Rietveld Rp,Rwp,Re and Chi2:   31.2      34.9      3.03      132.6    
 => (Values obtained using Ynet, but true sigma(y))
 =>  SumYnet, Sum(w Ynet**2):     0.7436E+07    0.6443E+07


 => Global user-weigthed Chi2 (Bragg contrib.):   134.    

 => ---------> Pattern#  1
 => Phase:  1
 =>    Bragg R-factor:  2.96    
 =>    RF-factor     :  2.93    
 ++++++++++++++++++++++++++++++++++++++++++++++++++++++++++++++++++++++++++++++++++++++++++++++++++++++++++++++++++++++++

 => CYCLE No.:    4
 ---------------------------------------------------------------------------------------
 => Phase  1 Name:  phase 1:                                                             
 ---------------------------------------------------------------------------------------

 ==> PROFILE PARAMETERS FOR PATTERN#  1

 => Overall scale factor:      0.000100000     0.000000000     0.000000000
 => Eta(p-Voigt) or m(Pearson VII):   0.250000  0.000000  0.000000
 => Overall tem. factor:   0.000000  0.000000  0.000000
 => Halfwidth parameters: 
       0.008000  0.000000  0.000000
      -0.008000  0.000000  0.000000
       0.009000  0.000000  0.000000
 => Cell parameters: 
       4.013898   0.000000   0.000000
       4.013898   0.000000   0.000000
      13.091700   0.000000   0.000000
      90.000000   0.000000   0.000000
      90.000000   0.000000   0.000000
      90.000000   0.000000   0.000000
 => Preferred orientation: 
       1.000000  0.000000  0.000000
       0.000000  0.000000  0.000000
 => Asymmetry parameters: 
       0.000000  0.000000  0.000000
       0.000000  0.000000  0.000000
       0.000000  0.000000  0.000000
       0.000000  0.000000  0.000000
 => X and Y parameters: 
       0.000000  0.000000  0.000000
       0.000000  0.000000  0.000000
 => Strain parameters: 
       0.000000  0.000000  0.000000
       0.000000  0.000000  0.000000
       0.000000  0.000000  0.000000
 => Size   parameters (G,L): 
       0.000000  0.000000  0.000000
       0.000000  0.000000  0.000000

 ==> GLOBAL PARAMETERS FOR PATTERN#  1


 => Zero-point:     0.0190    0.0000    0.0000

 => Cos( theta)-shift parameter :   0.0000  0.0000  0.0000
 => Sin(2theta)-shift parameter :   0.0000  0.0000  0.0000

 ==> RELIABILITY FACTORS WITH ALL NON-EXCLUDED POINTS FOR PATTERN:  1

 => R-Factors:   17.3      24.0     Chi2:  114.     DW-Stat.:  0.2799   Patt#:  1
 => Expected :            2.26                                1.9258
 => Deviance : 0.909E+06     Dev*:   130.0    
 => GoF-index:  11.         Sqrt(Residual/N)
 => N-P+C:  6994

 =>    SumYdif       SumYobs      SumYcal      SumwYobsSQ     Residual    Condition
     0.2381E+07    0.1374E+08    0.1379E+08    0.1374E+08    0.7939E+06     0.000    


 => Conventional Rietveld Rp,Rwp,Re and Chi2:   31.9      35.1      3.29      113.5    
 => (Values obtained using Ynet, but true sigma(y))
 =>  SumYnet, Sum(w Ynet**2):     0.7467E+07    0.6451E+07


 ==> RELIABILITY FACTORS FOR POINTS WITH BRAGG CONTRIBUTIONS FOR PATTERN:  1

 => R-Factors:   17.9      24.6     Chi2:  132.     DW-Stat.:  0.2827   Patt#:
 => Expected :            2.14                                1.9194
 => Deviance : 0.901E+06     Dev*:   151.8    
 => GoF-index:  12.         Sqrt(Residual/N)
 => N-P+C:  5932

 =>    SumYdif       SumYobs      SumYcal      SumwYobsSQ     Residual    Condition
     0.2321E+07    0.1299E+08    0.1307E+08    0.1299E+08    0.7860E+06     0.000    


 => Conventional Rietveld Rp,Rwp,Re and Chi2:   31.2      34.9      3.03      132.5    
 => (Values obtained using Ynet, but true sigma(y))
 =>  SumYnet, Sum(w Ynet**2):     0.7436E+07    0.6443E+07


 => Global user-weigthed Chi2 (Bragg contrib.):   134.    

 => ---------> Pattern#  1
 => Phase:  1
 =>    Bragg R-factor:  2.94    
 =>    RF-factor     :  2.87    
 ++++++++++++++++++++++++++++++++++++++++++++++++++++++++++++++++++++++++++++++++++++++++++++++++++++++++++++++++++++++++

 => CYCLE No.:    5
 ---------------------------------------------------------------------------------------
 => Phase  1 Name:  phase 1:                                                             
 ---------------------------------------------------------------------------------------

 ==> PROFILE PARAMETERS FOR PATTERN#  1

 => Overall scale factor:      0.000100000     0.000000000     0.000000000
 => Eta(p-Voigt) or m(Pearson VII):   0.250000  0.000000  0.000000
 => Overall tem. factor:   0.000000  0.000000  0.000000
 => Halfwidth parameters: 
       0.008000  0.000000  0.000000
      -0.008000  0.000000  0.000000
       0.009000  0.000000  0.000000
 => Cell parameters: 
       4.013898   0.000000   0.000000
       4.013898   0.000000   0.000000
      13.091700   0.000000   0.000000
      90.000000   0.000000   0.000000
      90.000000   0.000000   0.000000
      90.000000   0.000000   0.000000
 => Preferred orientation: 
       1.000000  0.000000  0.000000
       0.000000  0.000000  0.000000
 => Asymmetry parameters: 
       0.000000  0.000000  0.000000
       0.000000  0.000000  0.000000
       0.000000  0.000000  0.000000
       0.000000  0.000000  0.000000
 => X and Y parameters: 
       0.000000  0.000000  0.000000
       0.000000  0.000000  0.000000
 => Strain parameters: 
       0.000000  0.000000  0.000000
       0.000000  0.000000  0.000000
       0.000000  0.000000  0.000000
 => Size   parameters (G,L): 
       0.000000  0.000000  0.000000
       0.000000  0.000000  0.000000

 ==> GLOBAL PARAMETERS FOR PATTERN#  1


 => Zero-point:     0.0190    0.0000    0.0000

 => Cos( theta)-shift parameter :   0.0000  0.0000  0.0000
 => Sin(2theta)-shift parameter :   0.0000  0.0000  0.0000

 ==> RELIABILITY FACTORS WITH ALL NON-EXCLUDED POINTS FOR PATTERN:  1

 => R-Factors:   17.3      24.0     Chi2:  113.     DW-Stat.:  0.2799   Patt#:  1
 => Expected :            2.26                                1.9258
 => Deviance : 0.909E+06     Dev*:   130.0    
 => GoF-index:  11.         Sqrt(Residual/N)
 => N-P+C:  6994

 =>    SumYdif       SumYobs      SumYcal      SumwYobsSQ     Residual    Condition
     0.2380E+07    0.1374E+08    0.1379E+08    0.1374E+08    0.7936E+06     0.000    


 => Conventional Rietveld Rp,Rwp,Re and Chi2:   31.9      35.1      3.29      113.5    
 => (Values obtained using Ynet, but true sigma(y))
 =>  SumYnet, Sum(w Ynet**2):     0.7467E+07    0.6451E+07


 ==> RELIABILITY FACTORS FOR POINTS WITH BRAGG CONTRIBUTIONS FOR PATTERN:  1

 => R-Factors:   17.9      24.6     Chi2:  132.     DW-Stat.:  0.2827   Patt#:
 => Expected :            2.14                                1.9194
 => Deviance : 0.900E+06     Dev*:   151.8    
 => GoF-index:  12.         Sqrt(Residual/N)
 => N-P+C:  5932

 =>    SumYdif       SumYobs      SumYcal      SumwYobsSQ     Residual    Condition
     0.2320E+07    0.1299E+08    0.1307E+08    0.1299E+08    0.7857E+06     0.000    


 => Conventional Rietveld Rp,Rwp,Re and Chi2:   31.2      34.9      3.03      132.5    
 => (Values obtained using Ynet, but true sigma(y))
 =>  SumYnet, Sum(w Ynet**2):     0.7436E+07    0.6443E+07


 => Global user-weigthed Chi2 (Bragg contrib.):   134.    

 => ---------> Pattern#  1
 => Phase:  1
 =>    Bragg R-factor:  2.92    
 =>    RF-factor     :  2.83    
 ++++++++++++++++++++++++++++++++++++++++++++++++++++++++++++++++++++++++++++++++++++++++++++++++++++++++++++++++++++++++

 => CYCLE No.:    6
 ---------------------------------------------------------------------------------------
 => Phase  1 Name:  phase 1:                                                             
 ---------------------------------------------------------------------------------------

 ==> PROFILE PARAMETERS FOR PATTERN#  1

 => Overall scale factor:      0.000100000     0.000000000     0.000000000
 => Eta(p-Voigt) or m(Pearson VII):   0.250000  0.000000  0.000000
 => Overall tem. factor:   0.000000  0.000000  0.000000
 => Halfwidth parameters: 
       0.008000  0.000000  0.000000
      -0.008000  0.000000  0.000000
       0.009000  0.000000  0.000000
 => Cell parameters: 
       4.013898   0.000000   0.000000
       4.013898   0.000000   0.000000
      13.091700   0.000000   0.000000
      90.000000   0.000000   0.000000
      90.000000   0.000000   0.000000
      90.000000   0.000000   0.000000
 => Preferred orientation: 
       1.000000  0.000000  0.000000
       0.000000  0.000000  0.000000
 => Asymmetry parameters: 
       0.000000  0.000000  0.000000
       0.000000  0.000000  0.000000
       0.000000  0.000000  0.000000
       0.000000  0.000000  0.000000
 => X and Y parameters: 
       0.000000  0.000000  0.000000
       0.000000  0.000000  0.000000
 => Strain parameters: 
       0.000000  0.000000  0.000000
       0.000000  0.000000  0.000000
       0.000000  0.000000  0.000000
 => Size   parameters (G,L): 
       0.000000  0.000000  0.000000
       0.000000  0.000000  0.000000

 ==> GLOBAL PARAMETERS FOR PATTERN#  1


 => Zero-point:     0.0190    0.0000    0.0000

 => Cos( theta)-shift parameter :   0.0000  0.0000  0.0000
 => Sin(2theta)-shift parameter :   0.0000  0.0000  0.0000

 ==> RELIABILITY FACTORS WITH ALL NON-EXCLUDED POINTS FOR PATTERN:  1

 => R-Factors:   17.3      24.0     Chi2:  113.     DW-Stat.:  0.2799   Patt#:  1
 => Expected :            2.26                                1.9258
 => Deviance : 0.909E+06     Dev*:   129.9    
 => GoF-index:  11.         Sqrt(Residual/N)
 => N-P+C:  6994

 =>    SumYdif       SumYobs      SumYcal      SumwYobsSQ     Residual    Condition
     0.2379E+07    0.1374E+08    0.1379E+08    0.1374E+08    0.7934E+06     0.000    


 => Conventional Rietveld Rp,Rwp,Re and Chi2:   31.9      35.1      3.29      113.4    
 => (Values obtained using Ynet, but true sigma(y))
 =>  SumYnet, Sum(w Ynet**2):     0.7467E+07    0.6451E+07


 ==> RELIABILITY FACTORS FOR POINTS WITH BRAGG CONTRIBUTIONS FOR PATTERN:  1

 => R-Factors:   17.9      24.6     Chi2:  132.     DW-Stat.:  0.2827   Patt#:
 => Expected :            2.14                                1.9194
 => Deviance : 0.900E+06     Dev*:   151.7    
 => GoF-index:  12.         Sqrt(Residual/N)
 => N-P+C:  5932

 =>    SumYdif       SumYobs      SumYcal      SumwYobsSQ     Residual    Condition
     0.2320E+07    0.1299E+08    0.1307E+08    0.1299E+08    0.7855E+06     0.000    


 => Conventional Rietveld Rp,Rwp,Re and Chi2:   31.2      34.9      3.03      132.4    
 => (Values obtained using Ynet, but true sigma(y))
 =>  SumYnet, Sum(w Ynet**2):     0.7436E+07    0.6443E+07


 => Global user-weigthed Chi2 (Bragg contrib.):   134.    

 => ---------> Pattern#  1
 => Phase:  1
 =>    Bragg R-factor:  2.91    
 =>    RF-factor     :  2.81    
 ++++++++++++++++++++++++++++++++++++++++++++++++++++++++++++++++++++++++++++++++++++++++++++++++++++++++++++++++++++++++

 => CYCLE No.:    7
 ---------------------------------------------------------------------------------------
 => Phase  1 Name:  phase 1:                                                             
 ---------------------------------------------------------------------------------------

 ==> PROFILE PARAMETERS FOR PATTERN#  1

 => Overall scale factor:      0.000100000     0.000000000     0.000000000
 => Eta(p-Voigt) or m(Pearson VII):   0.250000  0.000000  0.000000
 => Overall tem. factor:   0.000000  0.000000  0.000000
 => Halfwidth parameters: 
       0.008000  0.000000  0.000000
      -0.008000  0.000000  0.000000
       0.009000  0.000000  0.000000
 => Cell parameters: 
       4.013898   0.000000   0.000000
       4.013898   0.000000   0.000000
      13.091700   0.000000   0.000000
      90.000000   0.000000   0.000000
      90.000000   0.000000   0.000000
      90.000000   0.000000   0.000000
 => Preferred orientation: 
       1.000000  0.000000  0.000000
       0.000000  0.000000  0.000000
 => Asymmetry parameters: 
       0.000000  0.000000  0.000000
       0.000000  0.000000  0.000000
       0.000000  0.000000  0.000000
       0.000000  0.000000  0.000000
 => X and Y parameters: 
       0.000000  0.000000  0.000000
       0.000000  0.000000  0.000000
 => Strain parameters: 
       0.000000  0.000000  0.000000
       0.000000  0.000000  0.000000
       0.000000  0.000000  0.000000
 => Size   parameters (G,L): 
       0.000000  0.000000  0.000000
       0.000000  0.000000  0.000000

 ==> GLOBAL PARAMETERS FOR PATTERN#  1


 => Zero-point:     0.0190    0.0000    0.0000

 => Cos( theta)-shift parameter :   0.0000  0.0000  0.0000
 => Sin(2theta)-shift parameter :   0.0000  0.0000  0.0000

 ==> RELIABILITY FACTORS WITH ALL NON-EXCLUDED POINTS FOR PATTERN:  1

 => R-Factors:   17.3      24.0     Chi2:  113.     DW-Stat.:  0.2799   Patt#:  1
 => Expected :            2.26                                1.9258
 => Deviance : 0.909E+06     Dev*:   129.9    
 => GoF-index:  11.         Sqrt(Residual/N)
 => N-P+C:  6994

 =>    SumYdif       SumYobs      SumYcal      SumwYobsSQ     Residual    Condition
     0.2379E+07    0.1374E+08    0.1379E+08    0.1374E+08    0.7932E+06     0.000    


 => Conventional Rietveld Rp,Rwp,Re and Chi2:   31.9      35.1      3.29      113.4    
 => (Values obtained using Ynet, but true sigma(y))
 =>  SumYnet, Sum(w Ynet**2):     0.7467E+07    0.6451E+07


 ==> RELIABILITY FACTORS FOR POINTS WITH BRAGG CONTRIBUTIONS FOR PATTERN:  1

 => R-Factors:   17.8      24.6     Chi2:  132.     DW-Stat.:  0.2827   Patt#:
 => Expected :            2.14                                1.9194
 => Deviance : 0.900E+06     Dev*:   151.7    
 => GoF-index:  12.         Sqrt(Residual/N)
 => N-P+C:  5932

 =>    SumYdif       SumYobs      SumYcal      SumwYobsSQ     Residual    Condition
     0.2319E+07    0.1299E+08    0.1307E+08    0.1299E+08    0.7853E+06     0.000    


 => Conventional Rietveld Rp,Rwp,Re and Chi2:   31.2      34.9      3.03      132.4    
 => (Values obtained using Ynet, but true sigma(y))
 =>  SumYnet, Sum(w Ynet**2):     0.7436E+07    0.6443E+07


 => Global user-weigthed Chi2 (Bragg contrib.):   134.    

 => ---------> Pattern#  1
 => Phase:  1
 =>    Bragg R-factor:  2.90    
 =>    RF-factor     :  2.79    
 ++++++++++++++++++++++++++++++++++++++++++++++++++++++++++++++++++++++++++++++++++++++++++++++++++++++++++++++++++++++++

 => CYCLE No.:    8
 ---------------------------------------------------------------------------------------
 => Phase  1 Name:  phase 1:                                                             
 ---------------------------------------------------------------------------------------

 ==> PROFILE PARAMETERS FOR PATTERN#  1

 => Overall scale factor:      0.000100000     0.000000000     0.000000000
 => Eta(p-Voigt) or m(Pearson VII):   0.250000  0.000000  0.000000
 => Overall tem. factor:   0.000000  0.000000  0.000000
 => Halfwidth parameters: 
       0.008000  0.000000  0.000000
      -0.008000  0.000000  0.000000
       0.009000  0.000000  0.000000
 => Cell parameters: 
       4.013898   0.000000   0.000000
       4.013898   0.000000   0.000000
      13.091700   0.000000   0.000000
      90.000000   0.000000   0.000000
      90.000000   0.000000   0.000000
      90.000000   0.000000   0.000000
 => Preferred orientation: 
       1.000000  0.000000  0.000000
       0.000000  0.000000  0.000000
 => Asymmetry parameters: 
       0.000000  0.000000  0.000000
       0.000000  0.000000  0.000000
       0.000000  0.000000  0.000000
       0.000000  0.000000  0.000000
 => X and Y parameters: 
       0.000000  0.000000  0.000000
       0.000000  0.000000  0.000000
 => Strain parameters: 
       0.000000  0.000000  0.000000
       0.000000  0.000000  0.000000
       0.000000  0.000000  0.000000
 => Size   parameters (G,L): 
       0.000000  0.000000  0.000000
       0.000000  0.000000  0.000000

 ==> GLOBAL PARAMETERS FOR PATTERN#  1


 => Zero-point:     0.0190    0.0000    0.0000

 => Cos( theta)-shift parameter :   0.0000  0.0000  0.0000
 => Sin(2theta)-shift parameter :   0.0000  0.0000  0.0000

 ==> RELIABILITY FACTORS WITH ALL NON-EXCLUDED POINTS FOR PATTERN:  1

 => R-Factors:   17.3      24.0     Chi2:  113.     DW-Stat.:  0.2799   Patt#:  1
 => Expected :            2.26                                1.9258
 => Deviance : 0.909E+06     Dev*:   129.9    
 => GoF-index:  11.         Sqrt(Residual/N)
 => N-P+C:  6994

 =>    SumYdif       SumYobs      SumYcal      SumwYobsSQ     Residual    Condition
     0.2378E+07    0.1374E+08    0.1379E+08    0.1374E+08    0.7931E+06     0.000    


 => Conventional Rietveld Rp,Rwp,Re and Chi2:   31.8      35.1      3.29      113.4    
 => (Values obtained using Ynet, but true sigma(y))
 =>  SumYnet, Sum(w Ynet**2):     0.7467E+07    0.6451E+07


 ==> RELIABILITY FACTORS FOR POINTS WITH BRAGG CONTRIBUTIONS FOR PATTERN:  1

 => R-Factors:   17.8      24.6     Chi2:  132.     DW-Stat.:  0.2828   Patt#:
 => Expected :            2.14                                1.9194
 => Deviance : 0.900E+06     Dev*:   151.7    
 => GoF-index:  12.         Sqrt(Residual/N)
 => N-P+C:  5932

 =>    SumYdif       SumYobs      SumYcal      SumwYobsSQ     Residual    Condition
     0.2319E+07    0.1299E+08    0.1307E+08    0.1299E+08    0.7852E+06     0.000    


 => Conventional Rietveld Rp,Rwp,Re and Chi2:   31.2      34.9      3.03      132.4    
 => (Values obtained using Ynet, but true sigma(y))
 =>  SumYnet, Sum(w Ynet**2):     0.7436E+07    0.6443E+07


 => Global user-weigthed Chi2 (Bragg contrib.):   134.    

 => ---------> Pattern#  1
 => Phase:  1
 =>    Bragg R-factor:  2.89    
 =>    RF-factor     :  2.78    
 ++++++++++++++++++++++++++++++++++++++++++++++++++++++++++++++++++++++++++++++++++++++++++++++++++++++++++++++++++++++++

 => CYCLE No.:    9
 ---------------------------------------------------------------------------------------
 => Phase  1 Name:  phase 1:                                                             
 ---------------------------------------------------------------------------------------

 ==> PROFILE PARAMETERS FOR PATTERN#  1

 => Overall scale factor:      0.000100000     0.000000000     0.000000000
 => Eta(p-Voigt) or m(Pearson VII):   0.250000  0.000000  0.000000
 => Overall tem. factor:   0.000000  0.000000  0.000000
 => Halfwidth parameters: 
       0.008000  0.000000  0.000000
      -0.008000  0.000000  0.000000
       0.009000  0.000000  0.000000
 => Cell parameters: 
       4.013898   0.000000   0.000000
       4.013898   0.000000   0.000000
      13.091700   0.000000   0.000000
      90.000000   0.000000   0.000000
      90.000000   0.000000   0.000000
      90.000000   0.000000   0.000000
 => Preferred orientation: 
       1.000000  0.000000  0.000000
       0.000000  0.000000  0.000000
 => Asymmetry parameters: 
       0.000000  0.000000  0.000000
       0.000000  0.000000  0.000000
       0.000000  0.000000  0.000000
       0.000000  0.000000  0.000000
 => X and Y parameters: 
       0.000000  0.000000  0.000000
       0.000000  0.000000  0.000000
 => Strain parameters: 
       0.000000  0.000000  0.000000
       0.000000  0.000000  0.000000
       0.000000  0.000000  0.000000
 => Size   parameters (G,L): 
       0.000000  0.000000  0.000000
       0.000000  0.000000  0.000000

 ==> GLOBAL PARAMETERS FOR PATTERN#  1


 => Zero-point:     0.0190    0.0000    0.0000

 => Cos( theta)-shift parameter :   0.0000  0.0000  0.0000
 => Sin(2theta)-shift parameter :   0.0000  0.0000  0.0000

 ==> RELIABILITY FACTORS WITH ALL NON-EXCLUDED POINTS FOR PATTERN:  1

 => R-Factors:   17.3      24.0     Chi2:  113.     DW-Stat.:  0.2799   Patt#:  1
 => Expected :            2.26                                1.9258
 => Deviance : 0.909E+06     Dev*:   129.9    
 => GoF-index:  11.         Sqrt(Residual/N)
 => N-P+C:  6994

 =>    SumYdif       SumYobs      SumYcal      SumwYobsSQ     Residual    Condition
     0.2377E+07    0.1374E+08    0.1379E+08    0.1374E+08    0.7929E+06     0.000    


 => Conventional Rietveld Rp,Rwp,Re and Chi2:   31.8      35.1      3.29      113.4    
 => (Values obtained using Ynet, but true sigma(y))
 =>  SumYnet, Sum(w Ynet**2):     0.7467E+07    0.6451E+07


 ==> RELIABILITY FACTORS FOR POINTS WITH BRAGG CONTRIBUTIONS FOR PATTERN:  1

 => R-Factors:   17.8      24.6     Chi2:  132.     DW-Stat.:  0.2828   Patt#:
 => Expected :            2.14                                1.9194
 => Deviance : 0.900E+06     Dev*:   151.7    
 => GoF-index:  12.         Sqrt(Residual/N)
 => N-P+C:  5932

 =>    SumYdif       SumYobs      SumYcal      SumwYobsSQ     Residual    Condition
     0.2318E+07    0.1299E+08    0.1307E+08    0.1299E+08    0.7850E+06     0.000    


 => Conventional Rietveld Rp,Rwp,Re and Chi2:   31.2      34.9      3.03      132.3    
 => (Values obtained using Ynet, but true sigma(y))
 =>  SumYnet, Sum(w Ynet**2):     0.7436E+07    0.6443E+07


 => Global user-weigthed Chi2 (Bragg contrib.):   134.    

 => ---------> Pattern#  1
 => Phase:  1
 =>    Bragg R-factor:  2.89    
 =>    RF-factor     :  2.76    


   Standard deviations have to be multiplied by: 2.9087
   (correlated residuals) See references:
  -J.F.Berar & P.Lelann, J. Appl. Cryst. 24, 1-5 (1991) 
  -J.F.Berar, Acc. in Pow. Diff. II,NIST Sp.Pub. 846, 63(1992) 

 ++++++++++++++++++++++++++++++++++++++++++++++++++++++++++++++++++++++++++++++++++++++++++++++++++++++++++++++++++++++++

 => CYCLE No.:   10
 ---------------------------------------------------------------------------------------
 => Phase  1 Name:  phase 1:                                                             
 ---------------------------------------------------------------------------------------

 ==> PROFILE PARAMETERS FOR PATTERN#  1

 => Overall scale factor:      0.000100000     0.000000000     0.000000000
 => Eta(p-Voigt) or m(Pearson VII):   0.250000  0.000000  0.000000
 => Overall tem. factor:   0.000000  0.000000  0.000000
 => Halfwidth parameters: 
       0.008000  0.000000  0.000000
      -0.008000  0.000000  0.000000
       0.009000  0.000000  0.000000
 => Cell parameters: 
       4.013898   0.000000   0.000000
       4.013898   0.000000   0.000000
      13.091700   0.000000   0.000000
      90.000000   0.000000   0.000000
      90.000000   0.000000   0.000000
      90.000000   0.000000   0.000000
 => Preferred orientation: 
       1.000000  0.000000  0.000000
       0.000000  0.000000  0.000000
 => Asymmetry parameters: 
       0.000000  0.000000  0.000000
       0.000000  0.000000  0.000000
       0.000000  0.000000  0.000000
       0.000000  0.000000  0.000000
 => X and Y parameters: 
       0.000000  0.000000  0.000000
       0.000000  0.000000  0.000000
 => Strain parameters: 
       0.000000  0.000000  0.000000
       0.000000  0.000000  0.000000
       0.000000  0.000000  0.000000
 => Size   parameters (G,L): 
       0.000000  0.000000  0.000000
       0.000000  0.000000  0.000000

 ==> GLOBAL PARAMETERS FOR PATTERN#  1


 => Zero-point:     0.0190    0.0000    0.0000

 => Cos( theta)-shift parameter :   0.0000  0.0000  0.0000
 => Sin(2theta)-shift parameter :   0.0000  0.0000  0.0000

 ==> RELIABILITY FACTORS WITH ALL NON-EXCLUDED POINTS FOR PATTERN:  1

 => R-Factors:   17.3      24.0     Chi2:  113.     DW-Stat.:  0.2800   Patt#:  1
 => Expected :            2.26                                1.9258
 => Deviance : 0.908E+06     Dev*:   129.9    
 => GoF-index:  11.         Sqrt(Residual/N)
 => N-P+C:  6994

 =>    SumYdif       SumYobs      SumYcal      SumwYobsSQ     Residual    Condition
     0.2377E+07    0.1374E+08    0.1379E+08    0.1374E+08    0.7928E+06     0.000    


 => Conventional Rietveld Rp,Rwp,Re and Chi2:   31.8      35.1      3.29      113.4    
 => (Values obtained using Ynet, but true sigma(y))
 =>  SumYnet, Sum(w Ynet**2):     0.7467E+07    0.6451E+07

 => N-sigma of the GoF: 6644.222

 ==> RELIABILITY FACTORS FOR POINTS WITH BRAGG CONTRIBUTIONS FOR PATTERN:  1

 => R-Factors:   17.8      24.6     Chi2:  132.     DW-Stat.:  0.2828   Patt#:
 => Expected :            2.14                                1.9194
 => Deviance : 0.900E+06     Dev*:   151.6    
 => GoF-index:  12.         Sqrt(Residual/N)
 => N-P+C:  5932

 =>    SumYdif       SumYobs      SumYcal      SumwYobsSQ     Residual    Condition
     0.2318E+07    0.1299E+08    0.1307E+08    0.1299E+08    0.7849E+06     0.000    


 => Conventional Rietveld Rp,Rwp,Re and Chi2:   31.2      34.9      3.03      132.3    
 => (Values obtained using Ynet, but true sigma(y))
 =>  SumYnet, Sum(w Ynet**2):     0.7436E+07    0.6443E+07

 => N-sigma of the GoF:     7151.720

 => Global user-weigthed Chi2 (Bragg contrib.):   134.    

 => ---------> Pattern#  1
 => Phase:  1
 =>    Bragg R-factor:  2.88    
 =>    RF-factor     :  2.75    

 --------------------------------------------------------------------------------------------------------------
 Pattern#  1 Phase No:   1 Phase name:  phase 1:                     
 --------------------------------------------------------------------------------------------------------------

   No.  Code     H   K   L  Mult      Hw      ETA/M    2theta/TOF     Icalc       Iobs      Sigma     StrFactor^2    d-hkl       CORR

      1   1      0   0   2     2  0.090357  0.250000      13.516    10358.9    10358.9     12.473    1440957.5000  6.545850      1.000000
      2   1      0   0   3     2  0.088446  0.250000      20.334       20.9       20.9      2.574       6485.8750  4.363900      1.000000
      3   1      1   0   0     4  0.087986  0.250000      22.128       26.0       26.0      2.487       4747.7656  4.013898      1.000000
      4   1      1   0   1     8  0.087731  0.250000      23.159     2666.1     2666.1      6.946     266117.8750  3.837577      1.000000
      5   1      1   0   2     8  0.087056  0.250000      26.019       22.0       22.0      2.678       2750.0403  3.421806      1.000000
      6   1      0   0   4     2  0.086786  0.250000      27.225       25.2       25.2      2.718      13703.3525  3.272925      1.000000
      7   1      1   0   3     8  0.086156  0.250000      30.228    12822.8    12822.8     14.966    2128342.2500  2.954252      1.000000
      8   1      1   1   0     4  0.085908  0.250000      31.495    12702.0    12702.0     15.003    4554234.5000  2.838254      1.000000
      9   1      1   1   1     8  0.085767  0.250000      32.246        0.0        0.0      0.000          0.1754  2.773816      1.000000
     10   1      0   0   5     2  0.085414  0.250000      34.218       27.6       27.6      1.944      23107.9883  2.618340      1.000000
     11   1      1   1   2     8  0.085380  0.250000      34.413      348.9      348.9      3.242      73747.9688  2.604007      1.000000
     12   1      1   0   4     8  0.085222  0.250000      35.357       18.5       18.5      2.257       4120.7402  2.536561      1.000000
     13   1      1   1   3     8  0.084848  0.250000      37.780       33.0       33.0      2.831       8268.4600  2.379288      1.000000
     14   1      1   0   5     8  0.084408  0.250000      41.128     3026.1     3026.1      7.535     883948.8125  2.193004      1.000000
     15   1      0   0   6     2  0.084382  0.250000      41.346     4619.8     4619.8      8.518    5448945.0000  2.181950      1.000000
     16   1      1   1   4     8  0.084297  0.250000      42.106     3382.9     3382.9      7.933    1030236.8125  2.144280      1.000000
     17   1      2   0   0     4  0.084005  0.250000      45.141     9696.7     9696.7     13.366    6670717.0000  2.006949      1.000000
     18   1      2   0   1     8  0.083961  0.250000      45.698       81.5       81.5      1.839      28644.4766  1.983774      1.000000
     19   1      1   1   5     8  0.083857  0.250000      47.189      108.4      108.3      2.146      40249.6094  1.924502      1.000000
     20   1      2   0   2     8  0.083848  0.250000      47.338     1091.4     1094.3      5.437     407328.1875  1.918789      1.000000
     21   1      1   0   6     8  0.083845  0.250000      47.384      149.7      146.2      3.457      55951.1836  1.917018      1.000000
     22   1      0   0   7     2  0.083776  0.250000      48.645       14.0       14.0      2.951      21927.9961  1.870243      0.999999
     23   1      2   0   3     8  0.083721  0.250000      49.980        0.0        0.0      0.000          0.4886  1.823364      1.000000
     24   1      2   1   0     8  0.083696  0.250000      50.823        2.8        2.6      1.949       1175.5535  1.795070      1.000000
     25   1      2   1   1    16  0.083684  0.250000      51.333      474.0      474.0      3.876     101342.1875  1.778430      1.000000
     26   1      2   1   2    16  0.083666  0.250000      52.842      837.5      836.2      3.247     187738.2656  1.731156      1.000000
     27   1      1   1   6     8  0.083666  0.250000      52.885     2065.0     2066.5      5.790     927002.0000  1.729855      1.000000
     28   1      2   0   4     8  0.083667  0.250000      53.517       22.7       22.7      1.400      10403.9131  1.710903      1.000000
     29   1      1   0   7     8  0.083671  0.250000      54.051       49.9       49.9      2.409      23195.6953  1.695253      1.000000
     30   1      2   1   3    16  0.083693  0.250000      55.292     4135.8     4135.8      9.152     997412.4375  1.660107      1.000000
     31   1      0   0   8     2  0.083720  0.250000      56.161      942.6      942.6      4.656    1863683.2500  1.636462      1.000000
     32   1      2   0   5     8  0.083798  0.250000      57.841       18.9       18.9      3.061       9772.3652  1.592858      1.000000
     33   1      2   1   4    16  0.083845  0.250000      58.605        8.6        8.6      2.037       2279.5776  1.573891      1.000000
     34   1      1   1   7     8  0.083881  0.250000      59.109       10.2       10.2      2.118       5476.9033  1.561682      1.000000
     35   1      1   0   8     8  0.084055  0.250000      61.105       16.8       16.8      3.238       9438.1289  1.515361      1.000000
     36   1      2   1   5    16  0.084235  0.250000      62.702     1524.7     1524.7      5.570     445653.0938  1.480542      1.000000
     37   1      2   0   6     8  0.084255  0.250000      62.864     3700.6     3700.6      7.584    2171367.5000  1.477126      1.000000
     38   1      0   0   9     2  0.084401  0.250000      63.950        9.4        9.4      2.671      22611.6250  1.454633      1.000000
     39   1      2   2   0     4  0.084683  0.250000      65.749     2136.8     2136.8      6.561    2673772.5000  1.419127      1.000000
     40   1      1   1   8     8  0.084696  0.250000      65.824      633.4      633.4      2.484     396983.8438  1.417695      1.000000
     41   1      2   2   1     8  0.084759  0.250000      66.183       46.1       46.1      1.453      29090.7578  1.410862      1.000000
     42   1      2   2   2     8  0.085003  0.250000      67.478      312.7      313.6      3.815     202864.0781  1.386908      1.000000
     43   1      2   1   6    16  0.085010  0.250000      67.515       39.7       38.7      1.066      12879.1719  1.386239      1.000000
     44   1      2   0   7     8  0.085221  0.250000      68.525       59.6       58.9      1.097      39483.4805  1.368240      1.000000
     45   1      1   0   9     8  0.085229  0.250000      68.562      360.6      361.4      3.483     239047.9688  1.367597      1.000000
     46   1      2   2   3     8  0.085467  0.250000      69.609        5.0        5.0      2.453       3410.8440  1.349560      1.000000
     47   1      3   0   0     4  0.085635  0.250000      70.301        0.0        0.0      0.000          0.0000  1.337966      1.000000
     48   1      3   0   1     8  0.085741  0.250000      70.722       53.1       53.1      3.432      36667.9805  1.331033      1.000000
     49   1      3   0   2     8  0.086078  0.250000      71.978        0.0        0.0      0.000          0.0000  1.310863      1.000000
     50   1      0   0  10     2  0.086109  0.250000      72.085       16.0       16.0      3.196      45269.9727  1.309170      1.000000
     51   1      2   2   4     8  0.086241  0.250000      72.545       12.2       12.2      1.845       8722.6279  1.302003      1.000000
     52   1      2   1   7    16  0.086374  0.250000      72.996       26.3       26.4      2.044       9454.3125  1.295066      1.000000
     53   1      1   1   9     8  0.086385  0.250000      73.032        0.5        0.4      0.086        361.8320  1.294521      1.000000
     54   1      3   0   3     8  0.086702  0.250000      74.052      778.7      778.7      4.998     570151.5000  1.279192      1.000000
     55   1      3   1   0     8  0.086923  0.250000      74.727     1297.8     1297.8      4.622     960617.0000  1.269306      1.000000
     56   1      2   0   8     8  0.086947  0.250000      74.797     1126.7     1126.7      3.976     834879.1875  1.268281      1.000000
     57   1      3   1   1    16  0.087063  0.250000      75.137       37.9       37.9      1.159      14102.7266  1.263382      1.000000
     58   1      2   2   5     8  0.087459  0.250000      76.253        0.5        0.5      1.409        346.4656  1.247656      1.000000
     59   1      3   1   2    16  0.087501  0.250000      76.365        0.1        0.1      0.322         46.3807  1.246095      1.000000
     60   1      1   0  10     8  0.087540  0.250000      76.471        6.2        6.2      2.194       4735.8569  1.244640      1.000000

   No.  Code     H   K   L  Mult      Hw      ETA/M    2theta/TOF     Icalc       Iobs      Sigma     StrFactor^2    d-hkl       CORR

     61   1      3   0   4     8  0.087709  0.250000      76.921       22.8       22.8      2.164      17441.5625  1.238477      1.000000
     62   1      3   1   3    16  0.088298  0.250000      78.398       46.4       46.4      3.543      18144.1074  1.218796      1.000000
     63   1      2   1   8    16  0.088609  0.250000      79.130        7.6        7.6      2.188       3001.8186  1.209347      1.000000
     64   1      3   0   5     8  0.089252  0.250000      80.562      302.3      302.8      3.022     243741.4844  1.191426      1.000000
     65   1      0   0  11     2  0.089301  0.250000      80.666      214.2      210.4      3.834     691775.4375  1.190154      1.000000
     66   1      2   2   6     8  0.089321  0.250000      80.707     1103.5     1108.1      6.180     891614.9375  1.189644      1.000000
     67   1      1   1  10     8  0.089353  0.250000      80.777      437.4      435.9      2.428     353660.4062  1.188800      1.000000
     68   1      3   1   4    16  0.089565  0.250000      81.220      392.0      392.0      3.184     159397.2031  1.183426      1.000000
     69   1      2   0   9     8  0.089795  0.250000      81.690        6.6        6.6      1.324       5427.7158  1.177799      1.000000
     70   1      3   1   5    16  0.091473  0.250000      84.818       43.4       43.3      1.789      18433.9004  1.142172      1.000000
     71   1      1   0  11     8  0.091532  0.250000      84.921      395.0      395.8      3.435     335778.4375  1.141052      1.000000
     72   1      3   0   6     8  0.091556  0.250000      84.962      128.7      128.0      1.423     109507.3906  1.140602      1.000000
     73   1      2   2   7     8  0.092117  0.250000      85.902       36.5       35.0      1.462      31322.8008  1.130512      1.000000
     74   1      2   1   9    16  0.092138  0.250000      85.936      414.4      415.9      3.972     178076.5469  1.130150      1.000000
     75   1      3   2   0     8  0.093173  0.250000      87.567       32.4       32.4      3.571      28299.4570  1.113255      1.000000
     76   1      3   2   1    16  0.093437  0.250000      87.964       51.7       51.7      2.132      22679.4922  1.109252      1.000000
     77   1      1   1  11     8  0.094253  0.250000      89.147       49.9       48.1      1.716      44262.6758  1.097565      1.000000
     78   1      3   2   2    16  0.094258  0.250000      89.154       68.4       66.2      2.146      30330.1797  1.097496      1.000000
     79   1      3   1   6    16  0.094282  0.250000      89.189      762.2      767.7      6.939     338273.2188  1.097165      1.000000
     80   1      2   0  10     8  0.094330  0.250000      89.257      134.7      133.4      1.778     119676.6484  1.096502      1.000000
     81   1      0   0  12     2  0.094745  0.250000      89.831      110.3      110.4      2.372     394037.4375  1.090975      1.000000
     82   1      3   0   7     8  0.094961  0.250000      90.126       18.5       18.5      0.673      16585.4336  1.088176      1.000000
     83   1      3   2   3    16  0.095727  0.250000      91.138      861.7      861.7      5.314     388911.0938  1.078708      1.000000
     84   1      2   2   8     8  0.096292  0.250000      91.857      585.1      585.1      4.088     531272.7500  1.072140      1.000000
     85   1      2   1  10    16  0.097635  0.250000      93.479        2.5        3.6      3.999       1145.7629  1.057745      1.000000
     86   1      3   2   4    16  0.098014  0.250000      93.918        3.0        3.1      1.630       1379.0757  1.053954      1.000000
     87   1      1   0  12     8  0.098134  0.250000      94.055        2.6        2.6      1.514       2385.2644  1.052781      1.000000
     88   1      3   1   7    16  0.098395  0.250000      94.350        5.8        5.9      1.739       2700.3352  1.050264      1.000000
     89   1      3   0   8     8  0.099998  0.250000      96.088       45.8       45.8      3.921      42840.8242  1.035826      1.000000
     90   1      3   2   5    16  0.101396  0.250000      97.507      334.7      334.8      4.270     157746.5156  1.024498      1.000000
     91   1      2   0  11     8  0.101501  0.250000      97.610       22.6       22.6      0.779      21297.7598  1.023689      1.000000
     92   1      1   1  12     8  0.102215  0.250000      98.301       93.4       93.4      2.549      88414.5078  1.018336      1.000000
     93   1      2   2   9     8  0.102565  0.250000      98.633       26.3       26.3      0.997      24902.8145  1.015795      1.000000
     94   1      0   0  13     2  0.103831  0.250000      99.797       14.9       14.9      2.136      56665.3672  1.007054      0.999999
     95   1      4   0   0     4  0.104379  0.250000     100.284      415.3      415.3      3.041     793145.8125  1.003474      1.000000
     96   1      3   1   8    16  0.104458  0.250000     100.353      433.5      433.5      2.888     207031.9219  1.002968      1.000000
     97   1      4   0   1     8  0.104841  0.250000     100.687       26.5       25.8      0.699      25302.7520  1.000540      1.000000
     98   1      2   1  11    16  0.106269  0.250000     101.893      271.9      271.6      1.952     130610.6797  0.991938      1.000000
     99   1      4   0   2     8  0.106278  0.250000     101.901      293.8      295.3      2.487     282260.6562  0.991887      1.000000
    100   1      3   2   6    16  0.106320  0.250000     101.936      230.6      229.4      2.056     110806.8750  0.991642      1.000000
    101   1      3   0   9     8  0.107552  0.250000     102.930      166.1      166.2      3.163     160138.2500  0.984751      1.000000
    102   1      4   0   3     8  0.108849  0.250000     103.936       17.0       17.0      1.947      16450.1367  0.977952      1.000000
    103   1      1   0  13     8  0.109081  0.250000     104.112       25.7       25.7      1.865      24900.0566  0.976780      1.000000
    104   1      4   1   0     8  0.109743  0.250000     104.606       16.7       16.7      1.838      16161.7656  0.973513      1.000000
    105   1      4   1   1    16  0.110302  0.250000     105.017       26.1       26.1      2.111      12655.3320  0.970833      1.000000
    106   1      4   1   2    16  0.112041  0.250000     106.253        0.2        0.2      0.147         80.5128  0.962922      1.000000
    107   1      2   2  10     8  0.112195  0.250000     106.359       20.6       20.6      3.023      20007.2363  0.962251      1.000000
    108   1      4   0   4     8  0.112863  0.250000     106.816        1.1        1.0      0.109       1021.8943  0.959394      1.000000
    109   1      2   0  12     8  0.113073  0.250000     106.959      236.6      236.7      3.466     229980.6562  0.958509      1.000000
    110   1      3   2   7    16  0.113533  0.250000     107.267        0.0        0.0      0.007         23.1920  0.956609      1.000000
    111   1      3   1   9    16  0.113586  0.250000     107.303        0.1        0.1      0.020         60.7339  0.956389      1.000000
    112   1      4   1   3    16  0.115162  0.250000     108.330      608.0      608.0      4.981     295808.9688  0.950157      1.000000
    113   1      1   1  13     8  0.115445  0.250000     108.510       10.6       10.6      0.573      10297.7734  0.949083      1.000000
    114   1      3   3   0     4  0.116250  0.250000     109.016      264.1      264.1      3.175     514157.3125  0.946085      1.000000
    115   1      3   3   1     8  0.116931  0.250000     109.436       35.7       35.6      0.797      34728.9062  0.943624      1.000000
    116   1      4   0   5     8  0.118854  0.250000     110.586       20.3       20.3      1.945      19777.8340  0.937017      1.000000
    117   1      3   3   2     8  0.119055  0.250000     110.703        4.0        4.0      0.583       3877.4941  0.936355      1.000000
    118   1      3   0  10     8  0.119243  0.250000     110.813        0.0        0.0      0.002         11.8055  0.935738      1.000000
    119   1      0   0  14     2  0.119433  0.250000     110.923      207.6      207.6      3.288     807801.5000  0.935121      0.999999
    120   1      4   1   4    16  0.120061  0.250000     111.282        0.0        0.0      0.008         22.5064  0.933110      1.000000

   No.  Code     H   K   L  Mult      Hw      ETA/M    2theta/TOF     Icalc       Iobs      Sigma     StrFactor^2    d-hkl       CORR

    121   1      2   1  12    16  0.120319  0.250000     111.429       30.5       30.5      1.487      14828.4443  0.932296      1.000000
    122   1      3   3   3     8  0.122883  0.250000     112.840       13.8       13.8      3.291      13411.2734  0.924605      1.000000
    123   1      3   2   8    16  0.124366  0.250000     113.621       16.8       16.8      2.750       8122.4341  0.920460      1.000000
    124   1      4   1   5    16  0.127441  0.250000     115.168      220.0      220.4      3.036     106248.7109  0.912484      1.000000
    125   1      2   2  11     8  0.127674  0.250000     115.281       27.7       25.9      1.641      26741.1309  0.911912      1.000000
    126   1      4   0   6     8  0.127768  0.250000     115.327      446.8      448.9      3.413     431417.7500  0.911682      1.000000
    127   1      3   1  10    16  0.127924  0.250000     115.403      463.2      462.8      2.868     223587.4375  0.911302      1.000000
    128   1      1   0  14     8  0.128159  0.250000     115.516        1.5        1.3      0.186       1495.4069  0.910733      1.000000
    129   1      3   3   4     8  0.128938  0.250000     115.888      113.1      113.3      1.331     109057.5391  0.908875      1.000000
    130   1      2   0  13     8  0.132891  0.250000     117.696       10.4       10.3      1.903       9916.2217  0.900093      1.000000
    131   1      4   2   0     8  0.134134  0.250000     118.239      858.4      858.5      5.785     820618.3125  0.897535      1.000000
    132   1      4   2   1    16  0.135188  0.250000     118.690        3.9        3.4      0.420       1871.2549  0.895433      1.000000
    133   1      3   3   5     8  0.138186  0.250000     119.930        0.0        0.0      0.000          0.0147  0.889782      1.000000
    134   1      3   0  11     8  0.138479  0.250000     120.048       86.1       85.0      1.462      81635.6406  0.889252      1.000000
    135   1      4   2   2    16  0.138500  0.250000     120.056      135.7      136.8      1.840      64314.1211  0.889215      1.000000
    136   1      4   1   6    16  0.138598  0.250000     120.095      196.0      196.0      1.856      92862.5156  0.889038      1.000000
    137   1      1   1  14     8  0.139093  0.250000     120.293      400.3      400.3      3.433     379005.1250  0.888158      1.000000
    138   1      4   0   7     8  0.141378  0.250000     121.185        0.4        0.3      0.070        397.9970  0.884236      1.000000
    139   1      3   2   9    16  0.141482  0.250000     121.224      268.1      268.2      3.646     126291.5234  0.884062      1.000000
    140   1      4   2   3    16  0.144563  0.250000     122.376        8.8        8.8      1.838       4109.5352  0.879133      1.000000
    141   1      2   1  13    16  0.145120  0.250000     122.578       20.8       20.8      2.308       9697.1523  0.878282      1.000000
    142   1      0   0  15     2  0.148908  0.250000     123.911       25.0       25.0      3.357      92610.0781  0.872780      1.000000
    143   1      3   1  11    16  0.152335  0.250000     125.056        0.0        0.0      0.000          0.3228  0.868201      1.000000
    144   1      3   3   6     8  0.152490  0.250000     125.107      281.7      281.7      4.489     258545.7656  0.868002      1.000000
    145   1      4   2   4    16  0.154423  0.250000     125.728       24.6       24.4      0.479      11229.9414  0.865578      1.000000
    146   1      2   2  12     8  0.154956  0.250000     125.896      208.2      208.3      3.213     189933.6875  0.864928      1.000000
    147   1      4   1   7    16  0.156121  0.250000     126.260        0.0        0.0      0.000          0.0182  0.863531      1.000000
    148   1      4   0   8     8  0.163484  0.250000     128.437      412.4      412.4      5.841     367744.1250  0.855451      1.000000
    149   1      1   0  15     8  0.166107  0.250000     129.165       21.5       21.5      1.176      19041.2129  0.852851      1.000000
    150   1      4   2   5    16  0.170211  0.250000     130.260        0.0        0.0      0.000          0.4652  0.849038      1.000000
    151   1      3   2  10    16  0.171287  0.250000     130.538        0.0        0.0      0.000          0.0000  0.848086      1.000000
    152   1      2   0  14     8  0.171813  0.250000     130.673      770.3      770.3      5.884     671288.7500  0.847627      1.000000
    153   1      3   0  12     8  0.174297  0.250000     131.298       40.0       39.4      0.815      34653.1211  0.845520      1.000000
    154   1      3   3   7     8  0.175893  0.250000     131.691        0.0        0.0      0.000          0.0121  0.844215      1.000000
    155   1      4   1   8    16  0.186125  0.250000     134.052       46.1       46.1      5.305      19265.5645  0.836661      1.000000
    156   1      1   1  15     8  0.189832  0.250000     134.847        9.6        9.6      1.346       7938.8911  0.834228      1.000000
    157   1      4   2   6    16  0.196754  0.250000     136.254     1388.3     1388.4      7.184     563166.0000  0.830053      1.000000
    158   1      2   1  14    16  0.198021  0.250000     136.502        1.2        1.1      0.126        500.3916  0.829337      1.000000
    159   1      3   1  12    16  0.201639  0.250000     137.192      156.3      156.4      2.573      62525.6758  0.827363      1.000000
    160   1      4   0   9     8  0.204260  0.250000     137.677        0.2        0.2      0.043        144.2773  0.825999      1.000000
    161   1      2   2  13     8  0.214175  0.250000     139.413        4.1        4.1      2.270       3188.9761  0.821278      1.000000
    162   1      3   3   8     8  0.219360  0.250000     140.262      193.4      193.4      5.033     147014.8125  0.819057      1.000000
    163   1      0   0  16     2  0.221385  0.250000     140.583        2.6        2.6      0.651       7790.6807  0.818231      1.000000
    164   1      3   2  11    16  0.235559  0.250000     142.689      795.0      795.0      6.605     288633.2812  0.813018      1.000000
    165   1      4   2   7    16  0.247856  0.250000     144.334        0.0        0.0      0.006         10.7620  0.809179      1.000000
    166   1      4   1   9    16  0.248315  0.250000     144.392      325.1      325.1      4.779     113926.5781  0.809046      1.000000
    167   1      3   0  13     8  0.265219  0.250000     146.416        0.5        0.5      1.112        312.9717  0.804609      1.000000
    168   1      4   3   0     8  0.273211  0.250000     147.292        6.0        6.0      1.614       3964.8481  0.802780      1.000000
    169   1      5   0   0     4  0.273211  0.250000     147.292        6.0        6.0      1.614       7929.4185  0.802780      1.000000
    170   1      1   0  16     8  0.278058  0.250000     147.801        4.7        4.7      1.172       3021.5693  0.801743      1.000000
    171   1      4   3   1    16  0.280328  0.250000     148.034       22.0       22.0      1.438       7076.6797  0.801275      1.000000
    172   1      5   0   1     8  0.280328  0.250000     148.034       22.0       22.0      1.437      14145.7842  0.801275      1.000000
    173   1      2   0  15     8  0.284857  0.250000     148.488       40.5       40.5      2.777      25780.9023  0.800372      1.000000

     -----------------------------------------------------
     BRAGG R-Factors and weight fractions for Pattern #  1
     -----------------------------------------------------

 => Phase:  1      phase 1:
 => Bragg R-factor:   2.88       Vol:  210.925( 0.000)  Fract(%):    0.00( 0.00)
 => Rf-factor=  2.75             ATZ:           0.000   Brindley:  1.0000

     -----------------------------------------------------------------
      SYMBOLIC NAMES AND FINAL VALUES AND SIGMA OF REFINED PARAMETERS:
     -----------------------------------------------------------------


 ------------------------------------------------------------------
 => Number of bytes for floating point variables: 4
 => Dimensions of dynamic allocated arrays in this run of FullProf:
 ------------------------------------------------------------------

 => Total approximate array memory (dynamic + static):  28431945 bytes

    MaxPOINT=    60000 Max.num. of points(+int. Inten.)/diffraction pattern       
    MaxREFLT=    20000 Max.num. of reflections/diffraction pattern               
    MaxPARAM=      300 Max.num. of refinable parameters                          
    MaxOVERL=     2096 Max.num. of overlapping reflections                       

 ----------------------------------------------------------
 => Number of bytes for floating point arrays: 4
 => Dimensions of fixed arrays in this release of FullProf:
 ----------------------------------------------------------

    NPATT   =       50 Max.num. of powder diffraction patterns                    
    NATS    =      830 Max.num. of atoms (all kind) in asymmetric unit            
    MPAR    =      800 Max.num. of non atomic parameters/phase                    
    IEXCL   =       30 Max.num. of excluded regions                               
    IBACP   =      277 Max.num. of background points for interpolation            
    NPHT    =       16 Max.num. of phases                                         
    NMAGM   =        8 Max.num. of rotation-matrices sets for magnetic structure  
    NBASIS  =       12 Max.num. of basis functions associated to a single atom    
    NIREPS  =        9 Max.num. of irreducible representations to be combined     
    N_EQ    =       48 Max.num. of user-supplied symmetry operators/propagation vectors
    NGL     =      300 Max.num. of global parameters/diffraction pattern          
    N_LINC  =       30 Max.num. of global linear restraints                        
    NAT_P   =       64 Max.num. of atomic parameters per atom                     
    NCONST  =      500 Max.num. of slack constraints per phase                    
    N_SPE   =       16 Max.num. of different chemical species                     
    N_FORM  =       60 Max.num. of scattering factor values in a table            
    NPR     =      150 Max.num. of points defining a numerical profile            
    INPR    =       25 Max.num. of different numerical peak shapes                
    NPRC    =      150 Max.num. of terms in the table for correcting intensities  
    NSOL    =       10 Max.num. of solutions to be stored in Montecarlo searchs   

 
              CPU Time:     2.359 seconds
                            0.039 minutes

 => Run finished at:     Date: 11/12/2013  Time: 23:54:39.000                              
