 
 
            ------------------------------------ 
                  --- PROGRAM: XRFIT ---
            (Author: J. Rodriguez-Carvajal, LLB)
                 (version 3.0 October 1998) 
            ------------------------------------ 

 => TITLE: K2NiF4.dat                                                                                                                                                                                                                                                      

 => 2Theta range, peaks and cycles read 
 => 2Theta(init)    :    10.000000
 => 2Theta(fin )    :   150.000000
 => Number of peaks :    47
 => Number of background points :     2
 => Number of cycles:    20
 => Wave (A)               :      1.540600      1.540600

 => Global parameters                 Flag
 => Kalph2/Kalph1 ratio    :      0.500000  0
 => Asymmetry parameter S_L:      0.000000  0
 => Asymmetry parameter D_L:      0.000000  0

      Profile Parameters for Pseudo-Voigt
        pV(x) = ETA* L(x) + (1-ETA)* G(x)
    FWHM = SQRT((U tanT + V) tanT + W) + Z/cosT
    ETA  = Eta0 + X * 2T 

 => Parameter  U           :      0.008000  0
 => Parameter  V           :     -0.008000  0
 => Parameter  W           :      0.009000  0
 => Parameter  Z           :      0.000000  0
 => Parameter Eta0         :      0.100000  0
 => Parameter  X           :      0.000000  0

 => Background parameters
      Scatt. Variable     Background  Flag
           10.2200          421.0000   0
           18.6800          525.0000   0

      Position      Intensity      D-Gamma         D-Eta          Flags

    652.000000        651.67    749.666687    777.333374       0  0  0  0
    825.000000        837.00    865.000000    903.000000       0  0  0  0
    909.333374        915.00   1000.000000   1014.000000       0  0  0  0
   1070.666750       1103.33     13.530361  95619.320300       0  0  0  1
      0.000000          0.00     23.179384  22563.873000       0  0  0  1
      0.000000          0.00     30.251856 104566.023000       0  0  0  1
      0.000000          0.00     31.517700 102294.430000       0  0  0  1
      0.000000          0.00     34.435276   2914.048580       0  0  0  1
      0.000000          0.00     41.150692  23469.619100       0  0  0  1
      0.000000          0.00     41.361126  40326.027300       0  0  0  1
      0.000000          0.00     42.125065  25695.494100       0  0  0  1
      0.000000          0.00     45.156548  73548.015600       0  0  0  1
      0.000000          0.00     47.353363  10101.200200       0  0  0  1
      0.000000          0.00     51.348537   3745.450200       0  0  0  1
      0.000000          0.00     52.900906  23412.207000       0  0  0  1
      0.000000          0.00     55.306458  31905.996100       0  0  0  1
      0.000000          0.00     56.178673   7146.012210       0  0  0  1
      0.000000          0.00     62.731136  11516.038100       0  0  0  1
      0.000000          0.00     62.881443  36821.175800       0  0  0  1
      0.000000          0.00     65.770775  18760.185500       0  0  0  1
      0.000000          0.00     67.494270   2724.828370       0  0  0  1
      0.000000          0.00     68.581863   3498.289060       0  0  0  1
      0.000000          0.00     74.070366   6236.619140       0  0  0  1
      0.000000          0.00     74.777283  13601.681600       0  0  0  1
      0.000000          0.00     80.559998   2303.344730       0  0  0  1
      0.000000          0.00     80.735344  13291.581100       0  0  0  1
      0.000000          0.00     84.947304   4519.144530       0  0  0  1
      0.000000          0.00     85.961815   3611.515140       0  0  0  1
      0.000000          0.00     89.213440   8405.045900       0  0  0  1
      0.000000          0.00     91.162430   7317.269530       0  0  0  1
      0.000000          0.00     91.882965   5066.359860       0  0  0  1
      0.000000          0.00     97.535042   2706.716550       0  0  0  1
      0.000000          0.00    100.330513   5202.700680       0  0  0  1
      0.000000          0.00    101.927711   6949.998540       0  0  0  1
      0.000000          0.00    106.997055   2201.915770       0  0  0  1
      0.000000          0.00    108.362503   5774.524900       0  0  0  1
      0.000000          0.00    109.047897   2438.380370       0  0  0  1
      0.000000          0.00    110.965378   1933.255860       0  0  0  1
      0.000000          0.00    115.373932   6309.447270       0  0  0  1
      0.000000          0.00    118.277115   8025.935550       0  0  0  1
      0.000000          0.00    120.094147   3971.518310       0  0  0  1
      0.000000          0.00    120.343048   3844.689700       0  0  0  1
      0.000000          0.00    120.841499   1933.829220       0  0  0  1
      0.000000          0.00    121.269402   2433.719730       0  0  0  1
      0.000000          0.00    125.152596   2969.979250       0  0  0  1
      0.000000          0.00    128.488495   3671.972660       0  0  0  1
      0.000000          0.00    130.734421   7347.130860       0  0  0  1

 => Total number of refined parameters:   44


 -------------------------------------------------
 => Marquardt Least Squares Fitting for  20 cycles
 -------------------------------------------------

 => Number of observations   :   7001
 => Number of free parameters:     44
 => Range of variable X      : (     10.0000,    150.0000)

 => Marquardt convergence not reached (F-lambda increased too much).
    If Chi2 is reasonably low, you may have reached the minimum
    within the precision of the machine.                       
    Otherwise, look at the output file to search for the reason 
    of anomalous behaviour and try to start from new parameters


 =>  Diagonal elements of LSQ-matrix before inversion

    Shf_EtaPV_4                (  1,  1)       27.838648
    Shf_EtaPV_5                (  2,  2)        0.000000
    Shf_EtaPV_6                (  3,  3)        0.000000
    Shf_EtaPV_7                (  4,  4)        0.000000
    Shf_EtaPV_8                (  5,  5)        0.000000
    Shf_EtaPV_9                (  6,  6)        0.000000
    Shf_EtaPV_10               (  7,  7)        0.000000
    Shf_EtaPV_11               (  8,  8)        0.000000
    Shf_EtaPV_12               (  9,  9)        0.000000
    Shf_EtaPV_13               ( 10, 10)        0.000000
    Shf_EtaPV_14               ( 11, 11)        0.000000
    Shf_EtaPV_15               ( 12, 12)        0.000000
    Shf_EtaPV_16               ( 13, 13)        0.000000
    Shf_EtaPV_17               ( 14, 14)        0.000000
    Shf_EtaPV_18               ( 15, 15)        0.000000
    Shf_EtaPV_19               ( 16, 16)        0.000000
    Shf_EtaPV_20               ( 17, 17)        0.000000
    Shf_EtaPV_21               ( 18, 18)        0.000000
    Shf_EtaPV_22               ( 19, 19)        0.000000
    Shf_EtaPV_23               ( 20, 20)        0.000000
    Shf_EtaPV_24               ( 21, 21)        0.000000
    Shf_EtaPV_25               ( 22, 22)        0.000000
    Shf_EtaPV_26               ( 23, 23)        0.000000
    Shf_EtaPV_27               ( 24, 24)        0.000000
    Shf_EtaPV_28               ( 25, 25)        0.000000
    Shf_EtaPV_29               ( 26, 26)        0.000000
    Shf_EtaPV_30               ( 27, 27)        0.000000
    Shf_EtaPV_31               ( 28, 28)        0.000000
    Shf_EtaPV_32               ( 29, 29)        0.000000
    Shf_EtaPV_33               ( 30, 30)        0.000000
    Shf_EtaPV_34               ( 31, 31)        0.000000
    Shf_EtaPV_35               ( 32, 32)        0.000000
    Shf_EtaPV_36               ( 33, 33)        0.000000
    Shf_EtaPV_37               ( 34, 34)        0.000000
    Shf_EtaPV_38               ( 35, 35)        0.000000
    Shf_EtaPV_39               ( 36, 36)        0.000000
    Shf_EtaPV_40               ( 37, 37)        0.000000
    Shf_EtaPV_41               ( 38, 38)        0.000000
    Shf_EtaPV_42               ( 39, 39)        0.000000
    Shf_EtaPV_43               ( 40, 40)        0.000000
    Shf_EtaPV_44               ( 41, 41)        0.000000
    Shf_EtaPV_45               ( 42, 42)        0.000000
    Shf_EtaPV_46               ( 43, 43)        0.000000
    Shf_EtaPV_47               ( 44, 44)        0.000000

  Rfact= 3349.456   Rwfact= ********   Rex=    2.250

  Final value of Marquardt F-Lambda =            0.001

 => Correlation Matrix: 


 => There is no correlations greater than 50% 


      FINAL LIST OF REFINED PARAMETERS AND STANDARD DEVIATIONS
      --------------------------------------------------------


    #   Parameter name                       No.(Model)         Final-Value   Standard Deviation

    1    Shf_EtaPV_4                                 27         95619.32030            15.64725
    2    Shf_EtaPV_5                                 31         22563.87300             8.05153
    3    Shf_EtaPV_6                                 35        104566.02300            17.94666
    4    Shf_EtaPV_7                                 39        102294.43000            17.91067
    5    Shf_EtaPV_8                                 43          2914.04858             3.50164
    6    Shf_EtaPV_9                                 47         23469.61910             9.76208
    7    Shf_EtaPV_10                                51         40326.02730            11.94039
    8    Shf_EtaPV_11                                55         25695.49410             9.53608
    9    Shf_EtaPV_12                                59         73548.01560            15.97087
   10    Shf_EtaPV_13                                63         10101.20020             6.20785
   11    Shf_EtaPV_14                                67          3745.45020             4.09545
   12    Shf_EtaPV_15                                71         23412.20700             9.16299
   13    Shf_EtaPV_16                                75         31905.99610            10.62547
   14    Shf_EtaPV_17                                79          7146.01221             5.34070
   15    Shf_EtaPV_18                                83         11516.03810             8.18211
   16    Shf_EtaPV_19                                87         36821.17580            11.53464
   17    Shf_EtaPV_20                                91         18760.18550             8.45545
   18    Shf_EtaPV_21                                95          2724.82837             3.67941
   19    Shf_EtaPV_22                                99          3498.28906             4.05805
   20    Shf_EtaPV_23                               103          6236.61914             5.12216
   21    Shf_EtaPV_24                               107         13601.68160             7.78147
   22    Shf_EtaPV_25                               111          2303.34473             4.19288
   23    Shf_EtaPV_26                               115         13291.58110             7.39035
   24    Shf_EtaPV_27                               119          4519.14453             4.57748
   25    Shf_EtaPV_28                               123          3611.51514             4.22431
   26    Shf_EtaPV_29                               127          8405.04590             5.88881
   27    Shf_EtaPV_30                               131          7317.26953             5.55123
   28    Shf_EtaPV_31                               135          5066.35986             4.80767
   29    Shf_EtaPV_32                               139          2706.71655             3.93368
   30    Shf_EtaPV_33                               143          5202.70068             5.43837
   31    Shf_EtaPV_34                               147          6949.99854             5.56082
   32    Shf_EtaPV_35                               151          2201.91577             3.88830
   33    Shf_EtaPV_36                               155          5774.52490             5.27257
   34    Shf_EtaPV_37                               159          2438.38037             4.00598
   35    Shf_EtaPV_38                               163          1933.25586             3.77495
   36    Shf_EtaPV_39                               167          6309.44727             6.05481
   37    Shf_EtaPV_40                               171          8025.93555             6.03436
   38    Shf_EtaPV_41                               175          3971.51831             4.95527
   39    Shf_EtaPV_42                               179          3844.68970             5.52086
   40    Shf_EtaPV_43                               183          1933.82922             4.85246
   41    Shf_EtaPV_44                               187          2433.71973             4.57776
   42    Shf_EtaPV_45                               191          2969.97925             4.64681
   43    Shf_EtaPV_46                               195          3671.97266             4.92774
   44    Shf_EtaPV_47                               199          7347.13086             6.01676

 => Final value of Chi2:    146.19548
